Meshed-Memory Transformer Training
loading files: done!!!
Load vocabulary: done!!
building model: done !!
establish training dataset: done !!
establish evaluation dataset: done !!
-----Training starts-----
----------Epoch0----------
Eproch -1: Val loss 12.608819873244673  !!!!!!!!!!!!!!!!!!!!!!!!!!!!!!!!!!!!!!!!!!!3
training with xe
the 0th iteration: Val loss 12.607524271364566  !!!!!!!!!!!!!!!!!!!!!!!!!!!!!!!!!!!!!!!!!!!1
the 200th iteration: Val loss 6.01132239235772  !!!!!!!!!!!!!!!!!!!!!!!!!!!!!!!!!!!!!!!!!!!1
the 400th iteration: Val loss 4.832691846070467  !!!!!!!!!!!!!!!!!!!!!!!!!!!!!!!!!!!!!!!!!!!1
Eproch 0: Val loss 4.635377442395246  !!!!!!!!!!!!!!!!!!!!!!!!!!!!!!!!!!!!!!!!!!!4
Eproch 0: Training loss2 4.699757023603337  !!!!!!!!!!!!!!!!!!!!!!!!!!!!!!!!!!!!!!!!!!!5
Validation scores {'BLEU': [0.3146675838965017, 0.14406086094791212, 0.059017202666924576, 0.025744131604815312], 'METEOR': 0.07373235152141044, 'ROUGE': 0.23420839369199076, 'CIDEr': 0.03454003343008748}
Test scores {'BLEU': [0.307966161702298, 0.14166972258618046, 0.058479707660259006, 0.02656576539497439], 'METEOR': 0.07385391238415051, 'ROUGE': 0.23232869472347714, 'CIDEr': 0.03938078989723211}
validation: done !
-----reach better loss-----
saved model: done !!!!
----------Epoch1----------
Eproch -1: Val loss 4.635377442395246  !!!!!!!!!!!!!!!!!!!!!!!!!!!!!!!!!!!!!!!!!!!3
training with xe
the 0th iteration: Val loss 4.6348361262568725  !!!!!!!!!!!!!!!!!!!!!!!!!!!!!!!!!!!!!!!!!!!1
the 200th iteration: Val loss 4.397437272248445  !!!!!!!!!!!!!!!!!!!!!!!!!!!!!!!!!!!!!!!!!!!1
the 400th iteration: Val loss 4.272858398931998  !!!!!!!!!!!!!!!!!!!!!!!!!!!!!!!!!!!!!!!!!!!1
Eproch 1: Val loss 4.233781540835345  !!!!!!!!!!!!!!!!!!!!!!!!!!!!!!!!!!!!!!!!!!!4
Eproch 1: Training loss2 4.2833008246166715  !!!!!!!!!!!!!!!!!!!!!!!!!!!!!!!!!!!!!!!!!!!5
Validation scores {'BLEU': [0.2967904077758567, 0.144016064935199, 0.06157182982920891, 0.02968739724568139], 'METEOR': 0.07647832225676439, 'ROUGE': 0.23933813271489074, 'CIDEr': 0.04176451675691438}
Test scores {'BLEU': [0.2928364703622223, 0.14187664427166596, 0.06216522392769166, 0.03182609479670896], 'METEOR': 0.07638255388466818, 'ROUGE': 0.2354305076235002, 'CIDEr': 0.04531510695829336}
validation: done !
-----reach better loss-----
saved model: done !!!!
----------Epoch2----------
Eproch -1: Val loss 4.233781540835345  !!!!!!!!!!!!!!!!!!!!!!!!!!!!!!!!!!!!!!!!!!!3
training with xe
the 0th iteration: Val loss 4.231247866595233  !!!!!!!!!!!!!!!!!!!!!!!!!!!!!!!!!!!!!!!!!!!1
the 200th iteration: Val loss 4.13929487157751  !!!!!!!!!!!!!!!!!!!!!!!!!!!!!!!!!!!!!!!!!!!1
the 400th iteration: Val loss 4.07412827456439  !!!!!!!!!!!!!!!!!!!!!!!!!!!!!!!!!!!!!!!!!!!1
Eproch 2: Val loss 4.038676509150752  !!!!!!!!!!!!!!!!!!!!!!!!!!!!!!!!!!!!!!!!!!!4
Eproch 2: Training loss2 4.059195274188195  !!!!!!!!!!!!!!!!!!!!!!!!!!!!!!!!!!!!!!!!!!!5
Validation scores {'BLEU': [0.304664957128766, 0.15442942759875827, 0.0756724128278365, 0.04179077593570241], 'METEOR': 0.08118345950313084, 'ROUGE': 0.23715247444914328, 'CIDEr': 0.06690469878212058}
Test scores {'BLEU': [0.2976124907413768, 0.14960475809777862, 0.07181899663366657, 0.038455921818497996], 'METEOR': 0.07842941869291131, 'ROUGE': 0.22955225515053115, 'CIDEr': 0.07416652525171977}
validation: done !
-----reach better loss-----
saved model: done !!!!
----------Epoch3----------
Eproch -1: Val loss 4.038676509150752  !!!!!!!!!!!!!!!!!!!!!!!!!!!!!!!!!!!!!!!!!!!3
training with xe
the 0th iteration: Val loss 4.038287401199341  !!!!!!!!!!!!!!!!!!!!!!!!!!!!!!!!!!!!!!!!!!!1
the 200th iteration: Val loss 3.974199727729515  !!!!!!!!!!!!!!!!!!!!!!!!!!!!!!!!!!!!!!!!!!!1
the 400th iteration: Val loss 3.9195763623272932  !!!!!!!!!!!!!!!!!!!!!!!!!!!!!!!!!!!!!!!!!!!1
Eproch 3: Val loss 3.9026837702150696  !!!!!!!!!!!!!!!!!!!!!!!!!!!!!!!!!!!!!!!!!!!4
Eproch 3: Training loss2 3.879234608799342  !!!!!!!!!!!!!!!!!!!!!!!!!!!!!!!!!!!!!!!!!!!5
Validation scores {'BLEU': [0.32389591836624587, 0.17188467925304676, 0.08899355217122507, 0.05098439204375324], 'METEOR': 0.08489219426512724, 'ROUGE': 0.2532228574496974, 'CIDEr': 0.08443555759008124}
Test scores {'BLEU': [0.3127433765781528, 0.15847362353879704, 0.07649678504847343, 0.03976710809914894], 'METEOR': 0.08134736013090843, 'ROUGE': 0.23825728207094277, 'CIDEr': 0.07403647336753112}
validation: done !
-----reach better loss-----
saved model: done !!!!
----------Epoch4----------
Eproch -1: Val loss 3.9026837702150696  !!!!!!!!!!!!!!!!!!!!!!!!!!!!!!!!!!!!!!!!!!!3
training with xe
the 0th iteration: Val loss 3.9039775177284524  !!!!!!!!!!!!!!!!!!!!!!!!!!!!!!!!!!!!!!!!!!!1
the 200th iteration: Val loss 3.8613833056555853  !!!!!!!!!!!!!!!!!!!!!!!!!!!!!!!!!!!!!!!!!!!1
the 400th iteration: Val loss 3.814435570328324  !!!!!!!!!!!!!!!!!!!!!!!!!!!!!!!!!!!!!!!!!!!1
Eproch 4: Val loss 3.804201594105473  !!!!!!!!!!!!!!!!!!!!!!!!!!!!!!!!!!!!!!!!!!!4
Eproch 4: Training loss2 3.7273620308181385  !!!!!!!!!!!!!!!!!!!!!!!!!!!!!!!!!!!!!!!!!!!5
Validation scores {'BLEU': [0.3182532701507571, 0.16646810673460277, 0.08358000397417996, 0.04488973486586403], 'METEOR': 0.08580573287603421, 'ROUGE': 0.24449873663803748, 'CIDEr': 0.08742370701202878}
Test scores {'BLEU': [0.30975028253456205, 0.15898257755583148, 0.07810781741349594, 0.0432309040600239], 'METEOR': 0.08325167595814967, 'ROUGE': 0.2375079878441492, 'CIDEr': 0.08934310388755831}
validation: done !
-----reach better loss-----
saved model: done !!!!
----------Epoch5----------
Eproch -1: Val loss 3.804201594105473  !!!!!!!!!!!!!!!!!!!!!!!!!!!!!!!!!!!!!!!!!!!3
training with xe
the 0th iteration: Val loss 3.804432233174642  !!!!!!!!!!!!!!!!!!!!!!!!!!!!!!!!!!!!!!!!!!!1
the 200th iteration: Val loss 3.7705858283572726  !!!!!!!!!!!!!!!!!!!!!!!!!!!!!!!!!!!!!!!!!!!1
the 400th iteration: Val loss 3.7407142409571894  !!!!!!!!!!!!!!!!!!!!!!!!!!!!!!!!!!!!!!!!!!!1
Eproch 5: Val loss 3.7185118110091597  !!!!!!!!!!!!!!!!!!!!!!!!!!!!!!!!!!!!!!!!!!!4
Eproch 5: Training loss2 3.593357325581366  !!!!!!!!!!!!!!!!!!!!!!!!!!!!!!!!!!!!!!!!!!!5
Validation scores {'BLEU': [0.32470528585092423, 0.1675342769231219, 0.08308441848655763, 0.045111168319823626], 'METEOR': 0.08550340813840494, 'ROUGE': 0.25102397036757135, 'CIDEr': 0.08816863605945341}
Test scores {'BLEU': [0.3174716098701947, 0.16435626883354632, 0.0800692929190939, 0.04497893925734523], 'METEOR': 0.08343079530160655, 'ROUGE': 0.24596165730177658, 'CIDEr': 0.08032810423657834}
validation: done !
-----reach better loss-----
saved model: done !!!!
----------Epoch6----------
Eproch -1: Val loss 3.7185118110091597  !!!!!!!!!!!!!!!!!!!!!!!!!!!!!!!!!!!!!!!!!!!3
training with xe
the 0th iteration: Val loss 3.718585729598999  !!!!!!!!!!!!!!!!!!!!!!!!!!!!!!!!!!!!!!!!!!!1
the 200th iteration: Val loss 3.7037627741142556  !!!!!!!!!!!!!!!!!!!!!!!!!!!!!!!!!!!!!!!!!!!1
the 400th iteration: Val loss 3.686148488963092  !!!!!!!!!!!!!!!!!!!!!!!!!!!!!!!!!!!!!!!!!!!1
Eproch 6: Val loss 3.6710165076785617  !!!!!!!!!!!!!!!!!!!!!!!!!!!!!!!!!!!!!!!!!!!4
Eproch 6: Training loss2 3.470688788979142  !!!!!!!!!!!!!!!!!!!!!!!!!!!!!!!!!!!!!!!!!!!5
Validation scores {'BLEU': [0.3108621926378952, 0.1568473331842863, 0.0758442275707151, 0.04143897437895259], 'METEOR': 0.08129245020886175, 'ROUGE': 0.24333964789033122, 'CIDEr': 0.07788894141483692}
Test scores {'BLEU': [0.30490526491692405, 0.1521896975288806, 0.07415477503401459, 0.04210227368852192], 'METEOR': 0.0820643184581461, 'ROUGE': 0.23746608211704973, 'CIDEr': 0.08171975746128848}
validation: done !
-----reach better loss-----
saved model: done !!!!
----------Epoch7----------
Eproch -1: Val loss 3.6710165076785617  !!!!!!!!!!!!!!!!!!!!!!!!!!!!!!!!!!!!!!!!!!!3
training with xe
the 0th iteration: Val loss 3.6714693440331354  !!!!!!!!!!!!!!!!!!!!!!!!!!!!!!!!!!!!!!!!!!!1
the 200th iteration: Val loss 3.672642213326913  !!!!!!!!!!!!!!!!!!!!!!!!!!!!!!!!!!!!!!!!!!!1
the 400th iteration: Val loss 3.6391180179737233  !!!!!!!!!!!!!!!!!!!!!!!!!!!!!!!!!!!!!!!!!!!1
Eproch 7: Val loss 3.6304550259201616  !!!!!!!!!!!!!!!!!!!!!!!!!!!!!!!!!!!!!!!!!!!4
Eproch 7: Training loss2 3.352598847675716  !!!!!!!!!!!!!!!!!!!!!!!!!!!!!!!!!!!!!!!!!!!5
Validation scores {'BLEU': [0.315318520717644, 0.16103600311726732, 0.08074694147506353, 0.044318458368431984], 'METEOR': 0.08377162588860196, 'ROUGE': 0.243947556177828, 'CIDEr': 0.08300392008769199}
Test scores {'BLEU': [0.3097099590837553, 0.15400161927175493, 0.07418569337430206, 0.04140062467790094], 'METEOR': 0.08286028131318693, 'ROUGE': 0.23965916878589533, 'CIDEr': 0.08438538130542533}
validation: done !
-----reach better loss-----
saved model: done !!!!
----------Epoch8----------
Eproch -1: Val loss 3.6304550259201616  !!!!!!!!!!!!!!!!!!!!!!!!!!!!!!!!!!!!!!!!!!!3
training with xe
the 0th iteration: Val loss 3.636290598798681  !!!!!!!!!!!!!!!!!!!!!!!!!!!!!!!!!!!!!!!!!!!1
the 200th iteration: Val loss 3.6338833040661283  !!!!!!!!!!!!!!!!!!!!!!!!!!!!!!!!!!!!!!!!!!!1
the 400th iteration: Val loss 3.611010507301048  !!!!!!!!!!!!!!!!!!!!!!!!!!!!!!!!!!!!!!!!!!!1
Eproch 8: Val loss 3.602381123436822  !!!!!!!!!!!!!!!!!!!!!!!!!!!!!!!!!!!!!!!!!!!4
Eproch 8: Training loss2 3.2457057016867177  !!!!!!!!!!!!!!!!!!!!!!!!!!!!!!!!!!!!!!!!!!!5
Validation scores {'BLEU': [0.31708631224954364, 0.1640241633992999, 0.08385010892367986, 0.046269099307004985], 'METEOR': 0.0856287140561121, 'ROUGE': 0.2474929658869257, 'CIDEr': 0.09177265210260788}
Test scores {'BLEU': [0.3082742231174583, 0.1542147940548198, 0.07660736613936082, 0.04396027473140647], 'METEOR': 0.08305229783226224, 'ROUGE': 0.23925052119544996, 'CIDEr': 0.093623867165398}
validation: done !
-----reach better loss-----
saved model: done !!!!
----------Epoch9----------
Eproch -1: Val loss 3.602381123436822  !!!!!!!!!!!!!!!!!!!!!!!!!!!!!!!!!!!!!!!!!!!3
training with xe
the 0th iteration: Val loss 3.604131672117445  !!!!!!!!!!!!!!!!!!!!!!!!!!!!!!!!!!!!!!!!!!!1
the 200th iteration: Val loss 3.6022192857883595  !!!!!!!!!!!!!!!!!!!!!!!!!!!!!!!!!!!!!!!!!!!1
the 400th iteration: Val loss 3.5975402107945196  !!!!!!!!!!!!!!!!!!!!!!!!!!!!!!!!!!!!!!!!!!!1
Eproch 9: Val loss 3.581924650404188  !!!!!!!!!!!!!!!!!!!!!!!!!!!!!!!!!!!!!!!!!!!4
Eproch 9: Training loss2 3.132823234722938  !!!!!!!!!!!!!!!!!!!!!!!!!!!!!!!!!!!!!!!!!!!5
Validation scores {'BLEU': [0.31674874112365026, 0.16113792863334112, 0.08299705053681475, 0.04699000186158144], 'METEOR': 0.08500591835010286, 'ROUGE': 0.24324772586921237, 'CIDEr': 0.09018227758848324}
Test scores {'BLEU': [0.3068586985115239, 0.15241097025417127, 0.07422265452700472, 0.04177740152206476], 'METEOR': 0.08455587159903294, 'ROUGE': 0.23719054246676852, 'CIDEr': 0.10016662835106874}
validation: done !
-----reach better loss-----
saved model: done !!!!
----------Epoch10----------
Eproch -1: Val loss 3.581924650404188  !!!!!!!!!!!!!!!!!!!!!!!!!!!!!!!!!!!!!!!!!!!3
training with xe
the 0th iteration: Val loss 3.583458017419886  !!!!!!!!!!!!!!!!!!!!!!!!!!!!!!!!!!!!!!!!!!!1
the 200th iteration: Val loss 3.585358637350577  !!!!!!!!!!!!!!!!!!!!!!!!!!!!!!!!!!!!!!!!!!!1
the 400th iteration: Val loss 3.5853620458532265  !!!!!!!!!!!!!!!!!!!!!!!!!!!!!!!!!!!!!!!!!!!1
Eproch 10: Val loss 3.577142733114737  !!!!!!!!!!!!!!!!!!!!!!!!!!!!!!!!!!!!!!!!!!!4
Eproch 10: Training loss2 3.033542511885058  !!!!!!!!!!!!!!!!!!!!!!!!!!!!!!!!!!!!!!!!!!!5
Validation scores {'BLEU': [0.3147922240916545, 0.1588406522364584, 0.07878526208595754, 0.04362170716751861], 'METEOR': 0.08395645197950787, 'ROUGE': 0.24049709743848657, 'CIDEr': 0.09497506867924523}
Test scores {'BLEU': [0.3101970058222321, 0.15365896778129595, 0.07868502852772018, 0.04619679220689026], 'METEOR': 0.08347144533566019, 'ROUGE': 0.2362003096408084, 'CIDEr': 0.099265041200026}
validation: done !
-----reach better loss-----
saved model: done !!!!
----------Epoch11----------
Eproch -1: Val loss 3.577142733114737  !!!!!!!!!!!!!!!!!!!!!!!!!!!!!!!!!!!!!!!!!!!3
training with xe
the 0th iteration: Val loss 3.578252403824418  !!!!!!!!!!!!!!!!!!!!!!!!!!!!!!!!!!!!!!!!!!!1
the 200th iteration: Val loss 3.5900583311363503  !!!!!!!!!!!!!!!!!!!!!!!!!!!!!!!!!!!!!!!!!!!1
the 400th iteration: Val loss 3.5821404810304993  !!!!!!!!!!!!!!!!!!!!!!!!!!!!!!!!!!!!!!!!!!!1
Eproch 11: Val loss 3.5702096577043885  !!!!!!!!!!!!!!!!!!!!!!!!!!!!!!!!!!!!!!!!!!!4
Eproch 11: Training loss2 2.9302983789286987  !!!!!!!!!!!!!!!!!!!!!!!!!!!!!!!!!!!!!!!!!!!5
Validation scores {'BLEU': [0.3100617130091831, 0.15779827722577555, 0.07642847592213356, 0.04154585682757264], 'METEOR': 0.08304009028363336, 'ROUGE': 0.2423996802756155, 'CIDEr': 0.0821746972396112}
Test scores {'BLEU': [0.30034787106973526, 0.1516743368160649, 0.07489972577362447, 0.0428842790719232], 'METEOR': 0.08156430549509977, 'ROUGE': 0.23494933925072517, 'CIDEr': 0.09281679955257771}
validation: done !
-----reach better loss-----
saved model: done !!!!
----------Epoch12----------
Eproch -1: Val loss 3.5702096577043885  !!!!!!!!!!!!!!!!!!!!!!!!!!!!!!!!!!!!!!!!!!!3
training with xe
the 0th iteration: Val loss 3.573035385873583  !!!!!!!!!!!!!!!!!!!!!!!!!!!!!!!!!!!!!!!!!!!1
the 200th iteration: Val loss 3.587998354876483  !!!!!!!!!!!!!!!!!!!!!!!!!!!!!!!!!!!!!!!!!!!1
the 400th iteration: Val loss 3.570068765569616  !!!!!!!!!!!!!!!!!!!!!!!!!!!!!!!!!!!!!!!!!!!1
Eproch 12: Val loss 3.5623804419128984  !!!!!!!!!!!!!!!!!!!!!!!!!!!!!!!!!!!!!!!!!!!4
Eproch 12: Training loss2 2.825224533002563  !!!!!!!!!!!!!!!!!!!!!!!!!!!!!!!!!!!!!!!!!!!5
Validation scores {'BLEU': [0.3173768478968527, 0.16367809721682042, 0.0827596758749503, 0.045133190744258166], 'METEOR': 0.08452677990359471, 'ROUGE': 0.24217857721664693, 'CIDEr': 0.09851587726912645}
Test scores {'BLEU': [0.30906015361656763, 0.1566134762300169, 0.07779981208717075, 0.04461520730988741], 'METEOR': 0.0839683366102684, 'ROUGE': 0.23399971999165048, 'CIDEr': 0.09828388234275036}
validation: done !
-----reach better loss-----
saved model: done !!!!
----------Epoch13----------
Eproch -1: Val loss 3.5623804419128984  !!!!!!!!!!!!!!!!!!!!!!!!!!!!!!!!!!!!!!!!!!!3
training with xe
the 0th iteration: Val loss 3.563403747699879  !!!!!!!!!!!!!!!!!!!!!!!!!!!!!!!!!!!!!!!!!!!1
the 200th iteration: Val loss 3.5873047687389232  !!!!!!!!!!!!!!!!!!!!!!!!!!!!!!!!!!!!!!!!!!!1
the 400th iteration: Val loss 3.5671062999301486  !!!!!!!!!!!!!!!!!!!!!!!!!!!!!!!!!!!!!!!!!!!1
Eproch 13: Val loss 3.56942171520657  !!!!!!!!!!!!!!!!!!!!!!!!!!!!!!!!!!!!!!!!!!!4
Eproch 13: Training loss2 2.71521867744226  !!!!!!!!!!!!!!!!!!!!!!!!!!!!!!!!!!!!!!!!!!!5
Validation scores {'BLEU': [0.32299645391297643, 0.16572312170777478, 0.08302663231061748, 0.04595998383248113], 'METEOR': 0.0863794768618818, 'ROUGE': 0.24712029512438585, 'CIDEr': 0.09857461528715122}
Test scores {'BLEU': [0.31381365138630946, 0.15588294292885566, 0.07716917178811405, 0.04413896570001189], 'METEOR': 0.08435054141732126, 'ROUGE': 0.23767617003418728, 'CIDEr': 0.10130022960584317}
validation: done !
saved model: done !!!!
----------Epoch14----------
Eproch -1: Val loss 3.56942171520657  !!!!!!!!!!!!!!!!!!!!!!!!!!!!!!!!!!!!!!!!!!!3
training with xe
the 0th iteration: Val loss 3.5684124717005976  !!!!!!!!!!!!!!!!!!!!!!!!!!!!!!!!!!!!!!!!!!!1
the 200th iteration: Val loss 3.590397088615983  !!!!!!!!!!!!!!!!!!!!!!!!!!!!!!!!!!!!!!!!!!!1
the 400th iteration: Val loss 3.5838564457716764  !!!!!!!!!!!!!!!!!!!!!!!!!!!!!!!!!!!!!!!!!!!1
Eproch 14: Val loss 3.5929702564522072  !!!!!!!!!!!!!!!!!!!!!!!!!!!!!!!!!!!!!!!!!!!4
Eproch 14: Training loss2 2.6227883404665033  !!!!!!!!!!!!!!!!!!!!!!!!!!!!!!!!!!!!!!!!!!!5
Validation scores {'BLEU': [0.33025341191831104, 0.17331176341438814, 0.0857772354818871, 0.04690388457503973], 'METEOR': 0.08821396076493995, 'ROUGE': 0.25144659891464266, 'CIDEr': 0.10019935880266553}
Test scores {'BLEU': [0.32014743197852347, 0.16370553913215663, 0.0807839183879429, 0.04560324622074502], 'METEOR': 0.0854061170447153, 'ROUGE': 0.24252353308450256, 'CIDEr': 0.0931992477088966}
validation: done !
saved model: done !!!!
----------Epoch15----------
Eproch -1: Val loss 3.5929702564522072  !!!!!!!!!!!!!!!!!!!!!!!!!!!!!!!!!!!!!!!!!!!3
training with xe
the 0th iteration: Val loss 3.5944241241172508  !!!!!!!!!!!!!!!!!!!!!!!!!!!!!!!!!!!!!!!!!!!1
the 200th iteration: Val loss 3.6132436681676796  !!!!!!!!!!!!!!!!!!!!!!!!!!!!!!!!!!!!!!!!!!!1
the 400th iteration: Val loss 3.5915875743936607  !!!!!!!!!!!!!!!!!!!!!!!!!!!!!!!!!!!!!!!!!!!1
Eproch 15: Val loss 3.5818149866881193  !!!!!!!!!!!!!!!!!!!!!!!!!!!!!!!!!!!!!!!!!!!4
Eproch 15: Training loss2 2.51958269395946  !!!!!!!!!!!!!!!!!!!!!!!!!!!!!!!!!!!!!!!!!!!5
Validation scores {'BLEU': [0.3196781843701654, 0.16670171337370995, 0.0855103908077578, 0.04865712500425864], 'METEOR': 0.0856149888075163, 'ROUGE': 0.24602100435288884, 'CIDEr': 0.10139525859811234}
Test scores {'BLEU': [0.3108348492098281, 0.1597667352405077, 0.07847689921097227, 0.044307602565190174], 'METEOR': 0.08386580424106972, 'ROUGE': 0.23696186001034636, 'CIDEr': 0.1022901572648685}
validation: done !
saved model: done !!!!
----------Epoch16----------
Eproch -1: Val loss 3.5818149866881193  !!!!!!!!!!!!!!!!!!!!!!!!!!!!!!!!!!!!!!!!!!!3
training with xe
the 0th iteration: Val loss 3.581773554837262  !!!!!!!!!!!!!!!!!!!!!!!!!!!!!!!!!!!!!!!!!!!1
the 200th iteration: Val loss 3.638159539964464  !!!!!!!!!!!!!!!!!!!!!!!!!!!!!!!!!!!!!!!!!!!1
the 400th iteration: Val loss 3.6131795335699013  !!!!!!!!!!!!!!!!!!!!!!!!!!!!!!!!!!!!!!!!!!!1
Eproch 16: Val loss 3.601987185301604  !!!!!!!!!!!!!!!!!!!!!!!!!!!!!!!!!!!!!!!!!!!4
Eproch 16: Training loss2 2.4341572773309403  !!!!!!!!!!!!!!!!!!!!!!!!!!!!!!!!!!!!!!!!!!!5
Validation scores {'BLEU': [0.31560683101510467, 0.16212726342635048, 0.08083726368101529, 0.04433795678005887], 'METEOR': 0.08565400122869052, 'ROUGE': 0.23854444399114244, 'CIDEr': 0.0928155527144698}
Test scores {'BLEU': [0.3079446270590496, 0.15621797284084335, 0.07590924176624102, 0.04210847081680922], 'METEOR': 0.08285630576417538, 'ROUGE': 0.23537459462805665, 'CIDEr': 0.09591957649036643}
validation: done !
saved model: done !!!!
----------Epoch17----------
Eproch -1: Val loss 3.601987185301604  !!!!!!!!!!!!!!!!!!!!!!!!!!!!!!!!!!!!!!!!!!!3
training with xe
the 0th iteration: Val loss 3.6033101876576743  !!!!!!!!!!!!!!!!!!!!!!!!!!!!!!!!!!!!!!!!!!!1
the 200th iteration: Val loss 3.6366662228548967  !!!!!!!!!!!!!!!!!!!!!!!!!!!!!!!!!!!!!!!!!!!1
the 400th iteration: Val loss 3.638019429312812  !!!!!!!!!!!!!!!!!!!!!!!!!!!!!!!!!!!!!!!!!!!1
Eproch 17: Val loss 3.6253219798759178  !!!!!!!!!!!!!!!!!!!!!!!!!!!!!!!!!!!!!!!!!!!4
Eproch 17: Training loss2 2.341503375351674  !!!!!!!!!!!!!!!!!!!!!!!!!!!!!!!!!!!!!!!!!!!5
Validation scores {'BLEU': [0.3133920405188684, 0.15974755842316932, 0.08100136378650201, 0.04510693543089711], 'METEOR': 0.08687193820013642, 'ROUGE': 0.2385494436158207, 'CIDEr': 0.09855013649159129}
Test scores {'BLEU': [0.3061067803499733, 0.15133213197234394, 0.07606404405742646, 0.044594113919774254], 'METEOR': 0.08424460615860006, 'ROUGE': 0.23124074857045424, 'CIDEr': 0.11008591618170427}
validation: done !
Switching to RL
