Meshed-Memory Transformer Training
loading files: done!!!
Load vocabulary: done!!
building model: done !!
establish training dataset: done !!
establish evaluation dataset: done !!
-----Training starts-----
----------Epoch0----------
Eproch -1: Val loss 9.971423714249223  !!!!!!!!!!!!!!!!!!!!!!!!!!!!!!!!!!!!!!!!!!!3
training with xe
the 0th iteration: Val loss 9.970406956142849  !!!!!!!!!!!!!!!!!!!!!!!!!!!!!!!!!!!!!!!!!!!1
the 200th iteration: Val loss 5.661196302484583  !!!!!!!!!!!!!!!!!!!!!!!!!!!!!!!!!!!!!!!!!!!1
the 400th iteration: Val loss 4.87991929937292  !!!!!!!!!!!!!!!!!!!!!!!!!!!!!!!!!!!!!!!!!!!1
Eproch 0: Val loss 4.676325621428313  !!!!!!!!!!!!!!!!!!!!!!!!!!!!!!!!!!!!!!!!!!!4
Eproch 0: Training loss2 4.736607101228502  !!!!!!!!!!!!!!!!!!!!!!!!!!!!!!!!!!!!!!!!!!!5
Validation scores {'BLEU': [0.3028320126413721, 0.13457018449327693, 0.05147000945202574, 0.02123153147816542], 'METEOR': 0.07301421052286797, 'ROUGE': 0.22439404220796613, 'CIDEr': 0.04263411175564998}
Test scores {'BLEU': [0.30392679147456675, 0.13774981967291833, 0.05123407207588505, 0.02109552674434707], 'METEOR': 0.07240124700092719, 'ROUGE': 0.22173813607596066, 'CIDEr': 0.047924181533657864}
validation: done !
-----reach better loss-----
saved model: done !!!!
----------Epoch1----------
Eproch -1: Val loss 4.676325621428313  !!!!!!!!!!!!!!!!!!!!!!!!!!!!!!!!!!!!!!!!!!!3
training with xe
the 0th iteration: Val loss 4.674074561507614  !!!!!!!!!!!!!!!!!!!!!!!!!!!!!!!!!!!!!!!!!!!1
the 200th iteration: Val loss 4.398599200778538  !!!!!!!!!!!!!!!!!!!!!!!!!!!!!!!!!!!!!!!!!!!1
the 400th iteration: Val loss 4.260965488575123  !!!!!!!!!!!!!!!!!!!!!!!!!!!!!!!!!!!!!!!!!!!1
Eproch 1: Val loss 4.214072112683897  !!!!!!!!!!!!!!!!!!!!!!!!!!!!!!!!!!!!!!!!!!!4
Eproch 1: Training loss2 4.255210547290221  !!!!!!!!!!!!!!!!!!!!!!!!!!!!!!!!!!!!!!!!!!!5
Validation scores {'BLEU': [0.3000953803958038, 0.14581296470302593, 0.0652691113379354, 0.031693711397368186], 'METEOR': 0.07872716809951542, 'ROUGE': 0.23349883446968464, 'CIDEr': 0.04644527175476181}
Test scores {'BLEU': [0.3000870732136404, 0.14777108962648725, 0.06889846593767823, 0.03442229449899937], 'METEOR': 0.07914017200482228, 'ROUGE': 0.23305449277958462, 'CIDEr': 0.05710242808543354}
validation: done !
-----reach better loss-----
saved model: done !!!!
----------Epoch2----------
Eproch -1: Val loss 4.214072112683897  !!!!!!!!!!!!!!!!!!!!!!!!!!!!!!!!!!!!!!!!!!!3
training with xe
the 0th iteration: Val loss 4.216129921100758  !!!!!!!!!!!!!!!!!!!!!!!!!!!!!!!!!!!!!!!!!!!1
the 200th iteration: Val loss 4.134447503972937  !!!!!!!!!!!!!!!!!!!!!!!!!!!!!!!!!!!!!!!!!!!1
the 400th iteration: Val loss 4.078185620131316  !!!!!!!!!!!!!!!!!!!!!!!!!!!!!!!!!!!!!!!!!!!1
Eproch 2: Val loss 4.044631931516859  !!!!!!!!!!!!!!!!!!!!!!!!!!!!!!!!!!!!!!!!!!!4
Eproch 2: Training loss2 4.054285463972837  !!!!!!!!!!!!!!!!!!!!!!!!!!!!!!!!!!!!!!!!!!!5
Validation scores {'BLEU': [0.31978309779681874, 0.16410154575067587, 0.08197185710323873, 0.044667564319510855], 'METEOR': 0.08417966605149281, 'ROUGE': 0.25186595082501273, 'CIDEr': 0.07721044991871798}
Test scores {'BLEU': [0.3159564388152983, 0.1620580092280948, 0.08108309801779862, 0.044652167482647546], 'METEOR': 0.08273201544215421, 'ROUGE': 0.246409904486069, 'CIDEr': 0.08151315733622212}
validation: done !
-----reach better loss-----
saved model: done !!!!
----------Epoch3----------
Eproch -1: Val loss 4.044631931516859  !!!!!!!!!!!!!!!!!!!!!!!!!!!!!!!!!!!!!!!!!!!3
training with xe
the 0th iteration: Val loss 4.043494330512153  !!!!!!!!!!!!!!!!!!!!!!!!!!!!!!!!!!!!!!!!!!!1
the 200th iteration: Val loss 3.9759516451093884  !!!!!!!!!!!!!!!!!!!!!!!!!!!!!!!!!!!!!!!!!!!1
the 400th iteration: Val loss 3.931046150348805  !!!!!!!!!!!!!!!!!!!!!!!!!!!!!!!!!!!!!!!!!!!1
Eproch 3: Val loss 3.910821826369674  !!!!!!!!!!!!!!!!!!!!!!!!!!!!!!!!!!!!!!!!!!!4
Eproch 3: Training loss2 3.8852978051935203  !!!!!!!!!!!!!!!!!!!!!!!!!!!!!!!!!!!!!!!!!!!5
Validation scores {'BLEU': [0.31944902830296873, 0.1660593005874495, 0.08178088615186867, 0.04415197200124909], 'METEOR': 0.08343157221864897, 'ROUGE': 0.2468291482767218, 'CIDEr': 0.08028449111508243}
Test scores {'BLEU': [0.3157446143463444, 0.1614087106884033, 0.07772384948207785, 0.040367413545279035], 'METEOR': 0.08181349278558732, 'ROUGE': 0.23908325170455633, 'CIDEr': 0.07478634053103028}
validation: done !
-----reach better loss-----
saved model: done !!!!
----------Epoch4----------
Eproch -1: Val loss 3.910821826369674  !!!!!!!!!!!!!!!!!!!!!!!!!!!!!!!!!!!!!!!!!!!3
training with xe
the 0th iteration: Val loss 3.9116663579587585  !!!!!!!!!!!!!!!!!!!!!!!!!!!!!!!!!!!!!!!!!!!1
the 200th iteration: Val loss 3.8692066846070468  !!!!!!!!!!!!!!!!!!!!!!!!!!!!!!!!!!!!!!!!!!!1
the 400th iteration: Val loss 3.8427281026487  !!!!!!!!!!!!!!!!!!!!!!!!!!!!!!!!!!!!!!!!!!!1
Eproch 4: Val loss 3.806336826748318  !!!!!!!!!!!!!!!!!!!!!!!!!!!!!!!!!!!!!!!!!!!4
Eproch 4: Training loss2 3.7457258514906644  !!!!!!!!!!!!!!!!!!!!!!!!!!!!!!!!!!!!!!!!!!!5
Validation scores {'BLEU': [0.3194031650432415, 0.16391442276457738, 0.0799910156410402, 0.0422152427550957], 'METEOR': 0.08469207421800418, 'ROUGE': 0.2473884147417381, 'CIDEr': 0.08494593551805468}
Test scores {'BLEU': [0.3135607480484642, 0.16155894422579223, 0.07607060445652329, 0.040856597167684805], 'METEOR': 0.08374494157740937, 'ROUGE': 0.2435885878155526, 'CIDEr': 0.07902019759474613}
validation: done !
-----reach better loss-----
saved model: done !!!!
----------Epoch5----------
Eproch -1: Val loss 3.806336826748318  !!!!!!!!!!!!!!!!!!!!!!!!!!!!!!!!!!!!!!!!!!!3
training with xe
the 0th iteration: Val loss 3.80582422680325  !!!!!!!!!!!!!!!!!!!!!!!!!!!!!!!!!!!!!!!!!!!1
the 200th iteration: Val loss 3.78246122819406  !!!!!!!!!!!!!!!!!!!!!!!!!!!!!!!!!!!!!!!!!!!1
the 400th iteration: Val loss 3.7624704043070474  !!!!!!!!!!!!!!!!!!!!!!!!!!!!!!!!!!!!!!!!!!!1
Eproch 5: Val loss 3.7688784422697843  !!!!!!!!!!!!!!!!!!!!!!!!!!!!!!!!!!!!!!!!!!!4
Eproch 5: Training loss2 3.647350493281957  !!!!!!!!!!!!!!!!!!!!!!!!!!!!!!!!!!!!!!!!!!!5
Validation scores {'BLEU': [0.3161924793976342, 0.16247743755496713, 0.0794507834328509, 0.04165426098130119], 'METEOR': 0.08405527566708178, 'ROUGE': 0.24773808181903514, 'CIDEr': 0.0879428541223381}
Test scores {'BLEU': [0.3113991316457428, 0.15625275878018086, 0.07301257385388245, 0.03951456481885824], 'METEOR': 0.08314219775723264, 'ROUGE': 0.24128032707046854, 'CIDEr': 0.0774532365770717}
validation: done !
-----reach better loss-----
saved model: done !!!!
----------Epoch6----------
Eproch -1: Val loss 3.7688784422697843  !!!!!!!!!!!!!!!!!!!!!!!!!!!!!!!!!!!!!!!!!!!3
training with xe
the 0th iteration: Val loss 3.7722809226424605  !!!!!!!!!!!!!!!!!!!!!!!!!!!!!!!!!!!!!!!!!!!1
the 200th iteration: Val loss 3.739273115440651  !!!!!!!!!!!!!!!!!!!!!!!!!!!!!!!!!!!!!!!!!!!1
the 400th iteration: Val loss 3.722851002657855  !!!!!!!!!!!!!!!!!!!!!!!!!!!!!!!!!!!!!!!!!!!1
Eproch 6: Val loss 3.7029374793723777  !!!!!!!!!!!!!!!!!!!!!!!!!!!!!!!!!!!!!!!!!!!4
Eproch 6: Training loss2 3.5167740293981606  !!!!!!!!!!!!!!!!!!!!!!!!!!!!!!!!!!!!!!!!!!!5
Validation scores {'BLEU': [0.32097261932725407, 0.16474771687492434, 0.08042975407663626, 0.04287816404135437], 'METEOR': 0.08536500627873948, 'ROUGE': 0.24804050120098295, 'CIDEr': 0.08111392884217915}
Test scores {'BLEU': [0.31421364951136443, 0.1597426812391213, 0.0802885937266981, 0.04558719229951066], 'METEOR': 0.0837305776521838, 'ROUGE': 0.24188799552690002, 'CIDEr': 0.10076222323126661}
validation: done !
-----reach better loss-----
saved model: done !!!!
----------Epoch7----------
Eproch -1: Val loss 3.7029374793723777  !!!!!!!!!!!!!!!!!!!!!!!!!!!!!!!!!!!!!!!!!!!3
training with xe
the 0th iteration: Val loss 3.7037942056302673  !!!!!!!!!!!!!!!!!!!!!!!!!!!!!!!!!!!!!!!!!!!1
the 200th iteration: Val loss 3.6995087464650473  !!!!!!!!!!!!!!!!!!!!!!!!!!!!!!!!!!!!!!!!!!!1
the 400th iteration: Val loss 3.672771595142506  !!!!!!!!!!!!!!!!!!!!!!!!!!!!!!!!!!!!!!!!!!!1
Eproch 7: Val loss 3.6727487157892296  !!!!!!!!!!!!!!!!!!!!!!!!!!!!!!!!!!!!!!!!!!!4
Eproch 7: Training loss2 3.4183362643905135  !!!!!!!!!!!!!!!!!!!!!!!!!!!!!!!!!!!!!!!!!!!5
Validation scores {'BLEU': [0.3297978397602769, 0.17151188756169863, 0.08607460840343742, 0.04705814656313071], 'METEOR': 0.08582342863710285, 'ROUGE': 0.2519455122886646, 'CIDEr': 0.09173663212142906}
Test scores {'BLEU': [0.32008062014283134, 0.1598985317902848, 0.07801659346953407, 0.0432369055283403], 'METEOR': 0.08441601713343458, 'ROUGE': 0.24393670415755356, 'CIDEr': 0.08830707918820489}
validation: done !
-----reach better loss-----
saved model: done !!!!
----------Epoch8----------
Eproch -1: Val loss 3.6727487157892296  !!!!!!!!!!!!!!!!!!!!!!!!!!!!!!!!!!!!!!!!!!!3
training with xe
the 0th iteration: Val loss 3.672003260365239  !!!!!!!!!!!!!!!!!!!!!!!!!!!!!!!!!!!!!!!!!!!1
the 200th iteration: Val loss 3.665031901112309  !!!!!!!!!!!!!!!!!!!!!!!!!!!!!!!!!!!!!!!!!!!1
the 400th iteration: Val loss 3.659851551055908  !!!!!!!!!!!!!!!!!!!!!!!!!!!!!!!!!!!!!!!!!!!1
Eproch 8: Val loss 3.644145223829481  !!!!!!!!!!!!!!!!!!!!!!!!!!!!!!!!!!!!!!!!!!!4
Eproch 8: Training loss2 3.3183365137979326  !!!!!!!!!!!!!!!!!!!!!!!!!!!!!!!!!!!!!!!!!!!5
Validation scores {'BLEU': [0.31544028056131146, 0.1615294250613473, 0.08029367991114873, 0.04369424883739269], 'METEOR': 0.08344088380292196, 'ROUGE': 0.24434771711396502, 'CIDEr': 0.08079112077353312}
Test scores {'BLEU': [0.30494693605496176, 0.14904853332109028, 0.07121588789550935, 0.03823751254783765], 'METEOR': 0.08191006602531495, 'ROUGE': 0.23765964604389533, 'CIDEr': 0.08162292284628814}
validation: done !
-----reach better loss-----
saved model: done !!!!
----------Epoch9----------
Eproch -1: Val loss 3.644145223829481  !!!!!!!!!!!!!!!!!!!!!!!!!!!!!!!!!!!!!!!!!!!3
training with xe
the 0th iteration: Val loss 3.6464952804424144  !!!!!!!!!!!!!!!!!!!!!!!!!!!!!!!!!!!!!!!!!!!1
the 200th iteration: Val loss 3.6545818823355214  !!!!!!!!!!!!!!!!!!!!!!!!!!!!!!!!!!!!!!!!!!!1
the 400th iteration: Val loss 3.6507123134754322  !!!!!!!!!!!!!!!!!!!!!!!!!!!!!!!!!!!!!!!!!!!1
Eproch 9: Val loss 3.63822431034512  !!!!!!!!!!!!!!!!!!!!!!!!!!!!!!!!!!!!!!!!!!!4
Eproch 9: Training loss2 3.2257621926044733  !!!!!!!!!!!!!!!!!!!!!!!!!!!!!!!!!!!!!!!!!!!5
Validation scores {'BLEU': [0.3162082776925606, 0.16399363128727454, 0.08243146674624531, 0.04529358878855982], 'METEOR': 0.08494069620568556, 'ROUGE': 0.24277974944423947, 'CIDEr': 0.0929133498617957}
Test scores {'BLEU': [0.309237433814222, 0.15814146525442685, 0.0781462745473166, 0.04392604183437012], 'METEOR': 0.08391850194130143, 'ROUGE': 0.23586733554520553, 'CIDEr': 0.08784955639641931}
validation: done !
-----reach better loss-----
saved model: done !!!!
----------Epoch10----------
Eproch -1: Val loss 3.63822431034512  !!!!!!!!!!!!!!!!!!!!!!!!!!!!!!!!!!!!!!!!!!!3
training with xe
the 0th iteration: Val loss 3.6357930766211615  !!!!!!!!!!!!!!!!!!!!!!!!!!!!!!!!!!!!!!!!!!!1
the 200th iteration: Val loss 3.6283009582095676  !!!!!!!!!!!!!!!!!!!!!!!!!!!!!!!!!!!!!!!!!!!1
the 400th iteration: Val loss 3.6228871168913663  !!!!!!!!!!!!!!!!!!!!!!!!!!!!!!!!!!!!!!!!!!!1
Eproch 10: Val loss 3.619279561219392  !!!!!!!!!!!!!!!!!!!!!!!!!!!!!!!!!!!!!!!!!!!4
Eproch 10: Training loss2 3.12837727815526  !!!!!!!!!!!!!!!!!!!!!!!!!!!!!!!!!!!!!!!!!!!5
Validation scores {'BLEU': [0.3134740384454915, 0.1609270084658589, 0.07985341247408377, 0.04365556892983496], 'METEOR': 0.08426657333268749, 'ROUGE': 0.24217967784431196, 'CIDEr': 0.09724095204765477}
Test scores {'BLEU': [0.31053657704502624, 0.15708066940841292, 0.0769397394984308, 0.04269369769026773], 'METEOR': 0.08356964083314514, 'ROUGE': 0.23709932609652343, 'CIDEr': 0.09374227544932323}
validation: done !
-----reach better loss-----
saved model: done !!!!
----------Epoch11----------
Eproch -1: Val loss 3.619279561219392  !!!!!!!!!!!!!!!!!!!!!!!!!!!!!!!!!!!!!!!!!!!3
training with xe
the 0th iteration: Val loss 3.6157247490353055  !!!!!!!!!!!!!!!!!!!!!!!!!!!!!!!!!!!!!!!!!!!1
the 200th iteration: Val loss 3.6208595788037337  !!!!!!!!!!!!!!!!!!!!!!!!!!!!!!!!!!!!!!!!!!!1
the 400th iteration: Val loss 3.5976710231215865  !!!!!!!!!!!!!!!!!!!!!!!!!!!!!!!!!!!!!!!!!!!1
Eproch 11: Val loss 3.5977656929581254  !!!!!!!!!!!!!!!!!!!!!!!!!!!!!!!!!!!!!!!!!!!4
Eproch 11: Training loss2 3.028864476415846  !!!!!!!!!!!!!!!!!!!!!!!!!!!!!!!!!!!!!!!!!!!5
Validation scores {'BLEU': [0.32619853403910243, 0.16950200756952688, 0.0852158826922079, 0.04615314847955724], 'METEOR': 0.08755548272000281, 'ROUGE': 0.24942289433434484, 'CIDEr': 0.09267599055309557}
Test scores {'BLEU': [0.3149666762603042, 0.15823127132959702, 0.07803050973846143, 0.042989618264725575], 'METEOR': 0.08571957604112462, 'ROUGE': 0.23853558896621893, 'CIDEr': 0.09314079428911085}
validation: done !
-----reach better loss-----
saved model: done !!!!
----------Epoch12----------
Eproch -1: Val loss 3.5977656929581254  !!!!!!!!!!!!!!!!!!!!!!!!!!!!!!!!!!!!!!!!!!!3
training with xe
the 0th iteration: Val loss 3.5986598597632513  !!!!!!!!!!!!!!!!!!!!!!!!!!!!!!!!!!!!!!!!!!!1
the 200th iteration: Val loss 3.6082898599130138  !!!!!!!!!!!!!!!!!!!!!!!!!!!!!!!!!!!!!!!!!!!1
the 400th iteration: Val loss 3.600399458849872  !!!!!!!!!!!!!!!!!!!!!!!!!!!!!!!!!!!!!!!!!!!1
Eproch 12: Val loss 3.5967356982054532  !!!!!!!!!!!!!!!!!!!!!!!!!!!!!!!!!!!!!!!!!!!4
Eproch 12: Training loss2 2.9429000444372986  !!!!!!!!!!!!!!!!!!!!!!!!!!!!!!!!!!!!!!!!!!!5
Validation scores {'BLEU': [0.3304133696561752, 0.17147246970905256, 0.08575295000631099, 0.04651261481134187], 'METEOR': 0.09039442979932541, 'ROUGE': 0.25426266185744867, 'CIDEr': 0.09674304170086949}
Test scores {'BLEU': [0.31931113002960615, 0.1622414183139486, 0.08071098574501862, 0.04424020561663118], 'METEOR': 0.08597728006794171, 'ROUGE': 0.24323184914814575, 'CIDEr': 0.1011672759428771}
validation: done !
-----reach better loss-----
saved model: done !!!!
----------Epoch13----------
Eproch -1: Val loss 3.5967356982054532  !!!!!!!!!!!!!!!!!!!!!!!!!!!!!!!!!!!!!!!!!!!3
training with xe
the 0th iteration: Val loss 3.5981327162848578  !!!!!!!!!!!!!!!!!!!!!!!!!!!!!!!!!!!!!!!!!!!1
the 200th iteration: Val loss 3.6128510854862355  !!!!!!!!!!!!!!!!!!!!!!!!!!!!!!!!!!!!!!!!!!!1
the 400th iteration: Val loss 3.6060122119055853  !!!!!!!!!!!!!!!!!!!!!!!!!!!!!!!!!!!!!!!!!!!1
Eproch 13: Val loss 3.5913120287436024  !!!!!!!!!!!!!!!!!!!!!!!!!!!!!!!!!!!!!!!!!!!4
Eproch 13: Training loss2 2.8533154706405512  !!!!!!!!!!!!!!!!!!!!!!!!!!!!!!!!!!!!!!!!!!!5
Validation scores {'BLEU': [0.3257304643630281, 0.16890603589234718, 0.08502156925000164, 0.046172967361126145], 'METEOR': 0.08883451484294265, 'ROUGE': 0.2501037569053047, 'CIDEr': 0.1035958517569154}
Test scores {'BLEU': [0.31320652324860604, 0.15754597536164425, 0.0777770804175481, 0.04421370018307126], 'METEOR': 0.08476561809644537, 'ROUGE': 0.23779380640853018, 'CIDEr': 0.09827848953660719}
validation: done !
-----reach better loss-----
saved model: done !!!!
----------Epoch14----------
Eproch -1: Val loss 3.5913120287436024  !!!!!!!!!!!!!!!!!!!!!!!!!!!!!!!!!!!!!!!!!!!3
training with xe
the 0th iteration: Val loss 3.59369166692098  !!!!!!!!!!!!!!!!!!!!!!!!!!!!!!!!!!!!!!!!!!!1
the 200th iteration: Val loss 3.616101936057762  !!!!!!!!!!!!!!!!!!!!!!!!!!!!!!!!!!!!!!!!!!!1
the 400th iteration: Val loss 3.6083671516842313  !!!!!!!!!!!!!!!!!!!!!!!!!!!!!!!!!!!!!!!!!!!1
Eproch 14: Val loss 3.602704993000737  !!!!!!!!!!!!!!!!!!!!!!!!!!!!!!!!!!!!!!!!!!!4
Eproch 14: Training loss2 2.7651776919149076  !!!!!!!!!!!!!!!!!!!!!!!!!!!!!!!!!!!!!!!!!!!5
Validation scores {'BLEU': [0.31651611461023293, 0.16292523644829227, 0.08100758303372302, 0.04575896358541519], 'METEOR': 0.0849722909141315, 'ROUGE': 0.2414149343761141, 'CIDEr': 0.1042935254225195}
Test scores {'BLEU': [0.2997275092758296, 0.14755497843468798, 0.07181162609681067, 0.039634856057648014], 'METEOR': 0.08171326371600242, 'ROUGE': 0.23054473607789291, 'CIDEr': 0.08001793601023534}
validation: done !
saved model: done !!!!
----------Epoch15----------
Eproch -1: Val loss 3.602704993000737  !!!!!!!!!!!!!!!!!!!!!!!!!!!!!!!!!!!!!!!!!!!3
training with xe
the 0th iteration: Val loss 3.6041026998449257  !!!!!!!!!!!!!!!!!!!!!!!!!!!!!!!!!!!!!!!!!!!1
the 200th iteration: Val loss 3.6179883082707724  !!!!!!!!!!!!!!!!!!!!!!!!!!!!!!!!!!!!!!!!!!!1
the 400th iteration: Val loss 3.6118138013062655  !!!!!!!!!!!!!!!!!!!!!!!!!!!!!!!!!!!!!!!!!!!1
Eproch 15: Val loss 3.6179391543070474  !!!!!!!!!!!!!!!!!!!!!!!!!!!!!!!!!!!!!!!!!!!4
Eproch 15: Training loss2 2.6739430456985662  !!!!!!!!!!!!!!!!!!!!!!!!!!!!!!!!!!!!!!!!!!!5
Validation scores {'BLEU': [0.3171337663825312, 0.16427158956276136, 0.07933304465208231, 0.04240346514206006], 'METEOR': 0.08519970414923266, 'ROUGE': 0.24501600764490575, 'CIDEr': 0.09124619829739183}
Test scores {'BLEU': [0.31100768669817086, 0.1571050036064454, 0.07634610949345182, 0.04242987274654262], 'METEOR': 0.08418395341362825, 'ROUGE': 0.23695722537609906, 'CIDEr': 0.09888653207449181}
validation: done !
saved model: done !!!!
----------Epoch16----------
Eproch -1: Val loss 3.6179391543070474  !!!!!!!!!!!!!!!!!!!!!!!!!!!!!!!!!!!!!!!!!!!3
training with xe
the 0th iteration: Val loss 3.6190968884362116  !!!!!!!!!!!!!!!!!!!!!!!!!!!!!!!!!!!!!!!!!!!1
the 200th iteration: Val loss 3.637372758653429  !!!!!!!!!!!!!!!!!!!!!!!!!!!!!!!!!!!!!!!!!!!1
the 400th iteration: Val loss 3.643693279337  !!!!!!!!!!!!!!!!!!!!!!!!!!!!!!!!!!!!!!!!!!!1
Eproch 16: Val loss 3.6206376552581787  !!!!!!!!!!!!!!!!!!!!!!!!!!!!!!!!!!!!!!!!!!!4
Eproch 16: Training loss2 2.60651066764392  !!!!!!!!!!!!!!!!!!!!!!!!!!!!!!!!!!!!!!!!!!!5
Validation scores {'BLEU': [0.3175540455392812, 0.1646002531417469, 0.0831873372146457, 0.04681211104795977], 'METEOR': 0.08665911031129668, 'ROUGE': 0.24412468787791688, 'CIDEr': 0.09938573984322556}
Test scores {'BLEU': [0.3125313141354439, 0.15712767945367956, 0.076700577593618, 0.043780874821767166], 'METEOR': 0.0846857648929584, 'ROUGE': 0.23493355890015902, 'CIDEr': 0.09656533432493654}
validation: done !
saved model: done !!!!
----------Epoch17----------
Eproch -1: Val loss 3.6206376552581787  !!!!!!!!!!!!!!!!!!!!!!!!!!!!!!!!!!!!!!!!!!!3
training with xe
the 0th iteration: Val loss 3.6176826424068875  !!!!!!!!!!!!!!!!!!!!!!!!!!!!!!!!!!!!!!!!!!!1
the 200th iteration: Val loss 3.666073286974872  !!!!!!!!!!!!!!!!!!!!!!!!!!!!!!!!!!!!!!!!!!!1
the 400th iteration: Val loss 3.6322088329880327  !!!!!!!!!!!!!!!!!!!!!!!!!!!!!!!!!!!!!!!!!!!1
Eproch 17: Val loss 3.6334455366487854  !!!!!!!!!!!!!!!!!!!!!!!!!!!!!!!!!!!!!!!!!!!4
Eproch 17: Training loss2 2.5264463179396013  !!!!!!!!!!!!!!!!!!!!!!!!!!!!!!!!!!!!!!!!!!!5
Validation scores {'BLEU': [0.31859285408539095, 0.16608769334072435, 0.08187837735304003, 0.0446093417213968], 'METEOR': 0.08623588418564775, 'ROUGE': 0.2429395038134219, 'CIDEr': 0.09711287303497025}
Test scores {'BLEU': [0.3072302366961828, 0.15600789631516362, 0.07752334709721519, 0.04534257500040296], 'METEOR': 0.08315250711965914, 'ROUGE': 0.23498774340842055, 'CIDEr': 0.09807077016422536}
validation: done !
saved model: done !!!!
----------Epoch18----------
Eproch -1: Val loss 3.6334455366487854  !!!!!!!!!!!!!!!!!!!!!!!!!!!!!!!!!!!!!!!!!!!3
training with xe
the 0th iteration: Val loss 3.635355251806754  !!!!!!!!!!!!!!!!!!!!!!!!!!!!!!!!!!!!!!!!!!!1
the 200th iteration: Val loss 3.662578132417467  !!!!!!!!!!!!!!!!!!!!!!!!!!!!!!!!!!!!!!!!!!!1
the 400th iteration: Val loss 3.6432376437717013  !!!!!!!!!!!!!!!!!!!!!!!!!!!!!!!!!!!!!!!!!!!1
Eproch 18: Val loss 3.647789884496618  !!!!!!!!!!!!!!!!!!!!!!!!!!!!!!!!!!!!!!!!!!!4
Eproch 18: Training loss2 2.4615788656007114  !!!!!!!!!!!!!!!!!!!!!!!!!!!!!!!!!!!!!!!!!!!5
Validation scores {'BLEU': [0.32564050020205665, 0.1667695863168871, 0.08093124331099844, 0.04336526018216906], 'METEOR': 0.088012382232599, 'ROUGE': 0.2468037702787095, 'CIDEr': 0.0932676396858792}
Test scores {'BLEU': [0.3125024175729311, 0.15695683563813861, 0.07761769971251063, 0.043685875225691374], 'METEOR': 0.08431142714947569, 'ROUGE': 0.23463417866689631, 'CIDEr': 0.10233292111764981}
validation: done !
Switching to RL
