Meshed-Memory Transformer Training
loading files: done!!!
Load vocabulary: done!!
building model: done !!
establish training dataset: done !!
establish evaluation dataset: done !!
-----Training starts-----
----------Epoch0----------
Eproch -1: Val loss 12.678187688191732  !!!!!!!!!!!!!!!!!!!!!!!!!!!!!!!!!!!!!!!!!!!3
training with xe
the 0th iteration: Val loss 12.67666029047083  !!!!!!!!!!!!!!!!!!!!!!!!!!!!!!!!!!!!!!!!!!!1
the 0th iteration: Val loss 12.67666029047083  !!!!!!!!!!!!!!!!!!!!!!!!!!!!!!!!!!!!!!!!!!!2
the 200th iteration: Val loss 6.060975480962683  !!!!!!!!!!!!!!!!!!!!!!!!!!!!!!!!!!!!!!!!!!!1
the 200th iteration: Val loss 6.060975480962683  !!!!!!!!!!!!!!!!!!!!!!!!!!!!!!!!!!!!!!!!!!!2
the 400th iteration: Val loss 4.910753232461435  !!!!!!!!!!!!!!!!!!!!!!!!!!!!!!!!!!!!!!!!!!!1
the 400th iteration: Val loss 4.910753232461435  !!!!!!!!!!!!!!!!!!!!!!!!!!!!!!!!!!!!!!!!!!!2
Eproch 0: Val loss 4.694619549645318  !!!!!!!!!!!!!!!!!!!!!!!!!!!!!!!!!!!!!!!!!!!4
Eproch 0: Training loss2 4.746464858820409  !!!!!!!!!!!!!!!!!!!!!!!!!!!!!!!!!!!!!!!!!!!5
Validation scores {'BLEU': [0.29347224463078, 0.1387421154712749, 0.053240389166790136, 0.024528698296211564], 'METEOR': 0.0711922137592339, 'ROUGE': 0.22994208692641033, 'CIDEr': 0.02857705441311607}
Test scores {'BLEU': [0.28230149638439717, 0.13197084191187156, 0.05197601106863367, 0.024490116997519], 'METEOR': 0.06889911219198973, 'ROUGE': 0.22383387396483231, 'CIDEr': 0.026604064756538773}
validation: done !
-----reach better loss-----
saved model: done !!!!
----------Epoch1----------
Eproch -1: Val loss 4.694619549645318  !!!!!!!!!!!!!!!!!!!!!!!!!!!!!!!!!!!!!!!!!!!3
training with xe
the 0th iteration: Val loss 4.692764264565927  !!!!!!!!!!!!!!!!!!!!!!!!!!!!!!!!!!!!!!!!!!!1
the 0th iteration: Val loss 4.692764264565927  !!!!!!!!!!!!!!!!!!!!!!!!!!!!!!!!!!!!!!!!!!!2
the 200th iteration: Val loss 4.45594037020648  !!!!!!!!!!!!!!!!!!!!!!!!!!!!!!!!!!!!!!!!!!!1
the 200th iteration: Val loss 4.45594037020648  !!!!!!!!!!!!!!!!!!!!!!!!!!!!!!!!!!!!!!!!!!!2
the 400th iteration: Val loss 4.324673705630833  !!!!!!!!!!!!!!!!!!!!!!!!!!!!!!!!!!!!!!!!!!!1
the 400th iteration: Val loss 4.324673705630833  !!!!!!!!!!!!!!!!!!!!!!!!!!!!!!!!!!!!!!!!!!!2
Eproch 1: Val loss 4.288817335058142  !!!!!!!!!!!!!!!!!!!!!!!!!!!!!!!!!!!!!!!!!!!4
Eproch 1: Training loss2 4.321349253379759  !!!!!!!!!!!!!!!!!!!!!!!!!!!!!!!!!!!!!!!!!!!5
Validation scores {'BLEU': [0.2732711419657121, 0.12876736538812286, 0.05230094346731166, 0.02487583003069204], 'METEOR': 0.06878786065033528, 'ROUGE': 0.22892967569218103, 'CIDEr': 0.02219785614541364}
Test scores {'BLEU': [0.2728768350301375, 0.13104864104150588, 0.057598402507115044, 0.029107737525961467], 'METEOR': 0.06880599128910078, 'ROUGE': 0.22648408001015488, 'CIDEr': 0.025317637525382193}
validation: done !
-----reach better loss-----
saved model: done !!!!
