Namespace(annotation_folder='../Dataset/coco/annotations/', batch_size=50, exp_name='region_std', features_path='../Dataset/coco/coco_grid_feats.hdf5', head=8, logs_folder='tensorboard_logs', m=40, resume_best=False, resume_last=False, warmup=10000, workers=0)
Meshed-Memory Transformer Training
Building vocabulary
Training starts
Validation scores {'BLEU': [0.7313542747702504, 0.5624707663724284, 0.41830354812227327, 0.3069040292423038], 'METEOR': 0.24604809722780752, 'ROUGE': 0.5328284511080592, 'CIDEr': 0.9501732104416216}
Test scores {'BLEU': [0.7320016021205078, 0.5645013507838309, 0.421922792381894, 0.3121137511642465], 'METEOR': 0.2451926324933569, 'ROUGE': 0.5330789209832868, 'CIDEr': 0.9587015664547778}
Validation scores {'BLEU': [0.744668902824056, 0.5850581355111839, 0.4478980201301451, 0.34075712673973774], 'METEOR': 0.26262518832266446, 'ROUGE': 0.5509543824802555, 'CIDEr': 1.0530871321178708}
Test scores {'BLEU': [0.7429999284420448, 0.5845091299889122, 0.4488819100568714, 0.34321472736263053], 'METEOR': 0.26193124511929944, 'ROUGE': 0.5499710604062018, 'CIDEr': 1.0628083763339866}
Validation scores {'BLEU': [0.7497494062814357, 0.5877314931848968, 0.4503532523359709, 0.3456380357083053], 'METEOR': 0.27030783770388095, 'ROUGE': 0.5574504326947315, 'CIDEr': 1.0839846539138054}
Test scores {'BLEU': [0.7480079500285284, 0.5891615591465592, 0.45346710983712196, 0.349224937797124], 'METEOR': 0.26922466860068983, 'ROUGE': 0.5560663641215081, 'CIDEr': 1.0916351682683127}
Validation scores {'BLEU': [0.749862209300692, 0.5884491506867416, 0.45064814642926104, 0.3461072263350172], 'METEOR': 0.2693593603239938, 'ROUGE': 0.5562193557300006, 'CIDEr': 1.0804095994782463}
Test scores {'BLEU': [0.7487493321657995, 0.5868075540320127, 0.4506338079679215, 0.34670973694156004], 'METEOR': 0.26876747744382307, 'ROUGE': 0.5544951263936186, 'CIDEr': 1.101947295523319}
Validation scores {'BLEU': [0.7485320771814187, 0.5876402479716647, 0.4519092551654588, 0.34822271815218375], 'METEOR': 0.27265278038269003, 'ROUGE': 0.5575199457643366, 'CIDEr': 1.108870568861598}
Test scores {'BLEU': [0.7470166295211401, 0.5855436819919646, 0.4499635909534668, 0.34536010869617706], 'METEOR': 0.2714477212088647, 'ROUGE': 0.555765041082871, 'CIDEr': 1.1069212442947496}
Validation scores {'BLEU': [0.7501826595713726, 0.587511277790206, 0.45105389105240046, 0.3476927077234213], 'METEOR': 0.27225959455324356, 'ROUGE': 0.5572068054660947, 'CIDEr': 1.0949841876602666}
Test scores {'BLEU': [0.7489566541940521, 0.5869035381773534, 0.45181902172828475, 0.348846634983956], 'METEOR': 0.27166091107615303, 'ROUGE': 0.5558701371856705, 'CIDEr': 1.1051081581922018}



Namespace(annotation_folder='../Dataset/coco/annotations/', batch_size=50, exp_name='region_std', features_path='../Dataset/coco/coco_grid_feats.hdf5', head=8, logs_folder='tensorboard_logs', m=40, resume_best=False, resume_last=True, warmup=10000, workers=0)
Meshed-Memory Transformer Training
Resuming from epoch 5, validation loss 2.239981, and best cider 1.108871
Training starts
Validation scores {'BLEU': [0.7558526106764073, 0.5945540007748975, 0.4591510547416868, 0.355429384943444], 'METEOR': 0.2745906362775655, 'ROUGE': 0.5628296263112493, 'CIDEr': 1.1164356866892824}
Test scores {'BLEU': [0.7527793896688144, 0.5933274558031095, 0.4584413398313128, 0.35370688224053265], 'METEOR': 0.27281893304687416, 'ROUGE': 0.5598506061061699, 'CIDEr': 1.1194899568726917}
Validation scores {'BLEU': [0.7619325017903585, 0.605662580176846, 0.4708793427394212, 0.3648525786288564], 'METEOR': 0.27740730246596285, 'ROUGE': 0.5660901042051373, 'CIDEr': 1.1406116274423905}
Test scores {'BLEU': [0.7609662739531983, 0.6039416664092018, 0.4676365142927741, 0.3609927527701025], 'METEOR': 0.27694193043894766, 'ROUGE': 0.5646326004779175, 'CIDEr': 1.14135661652535}
Validation scores {'BLEU': [0.7608987967515572, 0.6034068431391861, 0.4696023487275812, 0.36488209654333775], 'METEOR': 0.2756744147225842, 'ROUGE': 0.5654435697437737, 'CIDEr': 1.133435637877764}
Test scores {'BLEU': [0.7565570242077488, 0.5974495031933879, 0.46206938090590266, 0.35686729374065856], 'METEOR': 0.2739730473653461, 'ROUGE': 0.561097536131024, 'CIDEr': 1.1319368124565603}
Validation scores {'BLEU': [0.7599948527779586, 0.6002369624862743, 0.4640517372724098, 0.359123389864494], 'METEOR': 0.27714975351207255, 'ROUGE': 0.5661386950985465, 'CIDEr': 1.1326435934973191}
Test scores {'BLEU': [0.7597806265603425, 0.5982361639061162, 0.46106642952324994, 0.35637406224291057], 'METEOR': 0.2768321566825398, 'ROUGE': 0.5621477826928214, 'CIDEr': 1.1314623790413065}
Validation scores {'BLEU': [0.7582152315641161, 0.5966619696151069, 0.4618666147210266, 0.35806636159093574], 'METEOR': 0.2774690862471893, 'ROUGE': 0.5655803975232382, 'CIDEr': 1.1334091855553086}
Test scores {'BLEU': [0.755406438204243, 0.5925752235914449, 0.4583822374919352, 0.35472985705318527], 'METEOR': 0.2762583706957542, 'ROUGE': 0.5610645462036619, 'CIDEr': 1.1268321499757208}
Validation scores {'BLEU': [0.760216956220331, 0.6010357689613348, 0.4659492104421218, 0.3617263663171763], 'METEOR': 0.2786707820673924, 'ROUGE': 0.5675239185118431, 'CIDEr': 1.1415603935581111}
Test scores {'BLEU': [0.7610585028779691, 0.6016332282735658, 0.4652897407240207, 0.36040490386138774], 'METEOR': 0.27903204680142285, 'ROUGE': 0.5677288627306544, 'CIDEr': 1.1556838522627677}
Validation scores {'BLEU': [0.7564182039716818, 0.5950656674652097, 0.45947808765310516, 0.3559954317581941], 'METEOR': 0.2786437975390942, 'ROUGE': 0.5648019069737821, 'CIDEr': 1.1297771853074985}
Test scores {'BLEU': [0.7593313926862543, 0.5990080664772744, 0.4649456739792254, 0.3622810394159124], 'METEOR': 0.28231395047249086, 'ROUGE': 0.5666302046373786, 'CIDEr': 1.1498809534979446}
Validation scores {'BLEU': [0.7571139033013263, 0.5959577885908998, 0.46204282066450864, 0.3591843559991803], 'METEOR': 0.27812283214851113, 'ROUGE': 0.5634845080485162, 'CIDEr': 1.128818768811574}
Test scores {'BLEU': [0.7547640426447791, 0.5943560084458989, 0.4613777339690887, 0.3589065137994353], 'METEOR': 0.2773240476577721, 'ROUGE': 0.5617245966559925, 'CIDEr': 1.1347807162912178}
Validation scores {'BLEU': [0.7581490504197617, 0.599436571960217, 0.46513143663721535, 0.36152213013910617], 'METEOR': 0.27841647889269944, 'ROUGE': 0.565675637468149, 'CIDEr': 1.1328367469888811}
Test scores {'BLEU': [0.7605753335441938, 0.6005484552559814, 0.4653134621696679, 0.36047094627390003], 'METEOR': 0.27707724446975607, 'ROUGE': 0.5621240797133982, 'CIDEr': 1.143911395591966}
Validation scores {'BLEU': [0.7646417276470874, 0.6049475518295229, 0.4693077725605794, 0.36481916491041017], 'METEOR': 0.28060680415261163, 'ROUGE': 0.5683460474513431, 'CIDEr': 1.1407408538521076}
Test scores {'BLEU': [0.757790646179742, 0.5978248289967819, 0.463695164147968, 0.3606959837924312], 'METEOR': 0.2786163326022876, 'ROUGE': 0.56489155955402, 'CIDEr': 1.1456639633652246}
Validation scores {'BLEU': [0.7583862910998755, 0.5967406964945815, 0.46046093068262395, 0.35624473213753016], 'METEOR': 0.2780259875305324, 'ROUGE': 0.56278839258561, 'CIDEr': 1.1301467379829149}
Test scores {'BLEU': [0.7551431601802902, 0.5943259995679121, 0.459117050864536, 0.3550052158861455], 'METEOR': 0.2779642156446007, 'ROUGE': 0.5606875392721399, 'CIDEr': 1.1372846220674229}
Switching to RL
Resuming from epoch 11, validation loss 2.197359, and best cider 1.141560
Validation scores {'BLEU': [0.7940856443485966, 0.6465884134584003, 0.5063027422901063, 0.38884432377159533], 'METEOR': 0.2818656369293485, 'ROUGE': 0.5844442443901443, 'CIDEr': 1.2404313845224915}
Test scores {'BLEU': [0.7934476108886493, 0.6471105965615429, 0.5090996430841247, 0.3934811685861503], 'METEOR': 0.2822546114627806, 'ROUGE': 0.5853601241322948, 'CIDEr': 1.252201902976813}
Validation scores {'BLEU': [0.8001201967553835, 0.6524833035317199, 0.5111033354419643, 0.3925673222663801], 'METEOR': 0.28458466562580315, 'ROUGE': 0.5866355691700182, 'CIDEr': 1.257754632713643}
Test scores {'BLEU': [0.7981159405084309, 0.650840455528714, 0.5118977006520616, 0.39566121772483587], 'METEOR': 0.28391765603967384, 'ROUGE': 0.5863645125714776, 'CIDEr': 1.2670240357680527}
Validation scores {'BLEU': [0.8054185115032447, 0.6565707095844797, 0.513778377265034, 0.3942440481722039], 'METEOR': 0.2853206264578681, 'ROUGE': 0.5881237469483067, 'CIDEr': 1.2677590133871297}
Test scores {'BLEU': [0.8033755093524478, 0.6538528949515097, 0.5135003858451119, 0.39589684906831263], 'METEOR': 0.2854611882982955, 'ROUGE': 0.5864816764740797, 'CIDEr': 1.2745350144941303}
Validation scores {'BLEU': [0.8097453810013793, 0.6583992473599426, 0.5138382311580276, 0.39310045214135597], 'METEOR': 0.2869000317053624, 'ROUGE': 0.5876958517152674, 'CIDEr': 1.2706604986495538}
Test scores {'BLEU': [0.8082544132111418, 0.6572862397962873, 0.5148771017435506, 0.3961039155131799], 'METEOR': 0.2866364783808426, 'ROUGE': 0.5872264358533541, 'CIDEr': 1.2814011945357524}
Validation scores {'BLEU': [0.8118848873648695, 0.6592600481089902, 0.5145757441009917, 0.3939284677787222], 'METEOR': 0.2894352788516852, 'ROUGE': 0.587955222711207, 'CIDEr': 1.282521075110517}
Test scores {'BLEU': [0.8095728476110616, 0.6565674817220161, 0.5135837295513942, 0.39399517626484487], 'METEOR': 0.2885131024114494, 'ROUGE': 0.587386781242484, 'CIDEr': 1.2861059153986516}
Validation scores {'BLEU': [0.8129417008000847, 0.6595948629764325, 0.5137346363988541, 0.39268884932850434], 'METEOR': 0.29083704920874814, 'ROUGE': 0.5889232926453579, 'CIDEr': 1.2900809421659587}
Test scores {'BLEU': [0.8097059323474246, 0.6564863861663174, 0.5131390862866819, 0.3935911544387205], 'METEOR': 0.2902816631748835, 'ROUGE': 0.5883644711478695, 'CIDEr': 1.2950629618876714}
Validation scores {'BLEU': [0.8138481174218078, 0.6606275173779289, 0.5143445421755299, 0.3920919096196627], 'METEOR': 0.290572084845233, 'ROUGE': 0.5890998893957363, 'CIDEr': 1.2885378533086649}
Test scores {'BLEU': [0.8099610994196627, 0.657325537829664, 0.5140708500158199, 0.3946407503250215], 'METEOR': 0.29090337122233845, 'ROUGE': 0.5885798419128758, 'CIDEr': 1.2947620229681143}
Validation scores {'BLEU': [0.8125448179862317, 0.6598131889798708, 0.5148459096705044, 0.39352043375933493], 'METEOR': 0.29222881778695364, 'ROUGE': 0.5902462449578547, 'CIDEr': 1.2936006475139912}
Test scores {'BLEU': [0.8087912551700682, 0.6554251339630647, 0.5121544122610486, 0.3931859312396609], 'METEOR': 0.29098026714729375, 'ROUGE': 0.5875656105992739, 'CIDEr': 1.2979420173126108}
Validation scores {'BLEU': [0.8113938985336084, 0.6589284398739989, 0.5137178532671722, 0.39273946278297994], 'METEOR': 0.2908856450116246, 'ROUGE': 0.5889441045472517, 'CIDEr': 1.2915453164672257}
Test scores {'BLEU': [0.8079580401904031, 0.6565858537904377, 0.513357727932453, 0.3941118767693969], 'METEOR': 0.29177706151362964, 'ROUGE': 0.5879046396084523, 'CIDEr': 1.3043112027329666}
Validation scores {'BLEU': [0.8109996833104443, 0.6579538474643775, 0.5117983988847228, 0.39044993648161813], 'METEOR': 0.2913600806066213, 'ROUGE': 0.588403480547865, 'CIDEr': 1.2890580581612405}
Test scores {'BLEU': [0.8103758221770867, 0.6572164018568238, 0.5127764793900876, 0.39259295101064856], 'METEOR': 0.2905724217530096, 'ROUGE': 0.5870929695952781, 'CIDEr': 1.300271140809134}
Validation scores {'BLEU': [0.8128662287561086, 0.6602036674241117, 0.5134773355626572, 0.39137102553311404], 'METEOR': 0.2917862912759113, 'ROUGE': 0.588540443268034, 'CIDEr': 1.3003564599877673}
Test scores {'BLEU': [0.8088545473530164, 0.6557963258540608, 0.5113016499596615, 0.3912026135630021], 'METEOR': 0.29095376663895306, 'ROUGE': 0.5868276978790707, 'CIDEr': 1.3063088201589523}
Validation scores {'BLEU': [0.8158851554663822, 0.6634271209634273, 0.5171802061253684, 0.3954264403537673], 'METEOR': 0.29163813059174304, 'ROUGE': 0.5897326490350291, 'CIDEr': 1.305484324006028}
Test scores {'BLEU': [0.8090205106739052, 0.656869549981379, 0.5128691563218655, 0.39336537368161695], 'METEOR': 0.29099685049289925, 'ROUGE': 0.5871689835264741, 'CIDEr': 1.310240538908856}
