Meshed-Memory Transformer Training
loading files: done!!!
Load vocabulary: done!!
building model: done !!
Establish dataset: done !!
establish evaluation dataset: done !!
-----Training starts-----
----------Epoch0----------
Eproch -1: Val loss 8.197592878341675  !!!!!!!!!!!!!!!!!!!!!!!!!!!!!!!!!!!!!!!!!!!
training with xe
the 0th iteration: Val loss 8.196589398384095  !!!!!!!!!!!!!!!!!!!!!!!!!!!!!!!!!!!!!!!!!!!
the 50th iteration: Val loss 7.656959152221679  !!!!!!!!!!!!!!!!!!!!!!!!!!!!!!!!!!!!!!!!!!!
the 100th iteration: Val loss 6.740183663368225  !!!!!!!!!!!!!!!!!!!!!!!!!!!!!!!!!!!!!!!!!!!
Eproch 0: Val loss 6.159041619300842  !!!!!!!!!!!!!!!!!!!!!!!!!!!!!!!!!!!!!!!!!!!
Eproch 0: Training loss2 6.1557459451150205  !!!!!!!!!!!!!!!!!!!!!!!!!!!!!!!!!!!!!!!!!!!
Validation scores {'BLEU': [0.18139389688985483, 0.06899953158169687, 0.025897365651722522, 0.0076348258843062615], 'METEOR': 0.044948330980196564, 'ROUGE': 0.17038107565939548, 'CIDEr': 0.027318759194269952}
Test scores {'BLEU': [0.19823540146093013, 0.0797666923526584, 0.030539162106566885, 0.012304810824940726], 'METEOR': 0.04668234988119951, 'ROUGE': 0.16741454146305157, 'CIDEr': 0.027249242263200517}
validation: done !
-----reach better loss-----
saved model: done !!!!
----------Epoch1----------
Eproch -1: Val loss 6.159041619300842  !!!!!!!!!!!!!!!!!!!!!!!!!!!!!!!!!!!!!!!!!!!
training with xe
the 0th iteration: Val loss 6.149022650718689  !!!!!!!!!!!!!!!!!!!!!!!!!!!!!!!!!!!!!!!!!!!
the 50th iteration: Val loss 5.750824928283691  !!!!!!!!!!!!!!!!!!!!!!!!!!!!!!!!!!!!!!!!!!!
the 100th iteration: Val loss 5.483269667625427  !!!!!!!!!!!!!!!!!!!!!!!!!!!!!!!!!!!!!!!!!!!
Eproch 1: Val loss 5.330947136878967  !!!!!!!!!!!!!!!!!!!!!!!!!!!!!!!!!!!!!!!!!!!
Eproch 1: Training loss2 5.321987259215203  !!!!!!!!!!!!!!!!!!!!!!!!!!!!!!!!!!!!!!!!!!!
Validation scores {'BLEU': [0.2836474256273384, 0.11941874727639863, 0.0437848490458083, 1.9905141684359285e-06], 'METEOR': 0.059915463927537625, 'ROUGE': 0.1959617623187704, 'CIDEr': 0.03983517931617467}
Test scores {'BLEU': [0.298898309462764, 0.12964515366997292, 0.046634198087306136, 0.013936466988738622], 'METEOR': 0.06465826384163902, 'ROUGE': 0.20225827409295924, 'CIDEr': 0.0378141538872462}
validation: done !
-----reach better loss-----
saved model: done !!!!
----------Epoch2----------
Eproch -1: Val loss 5.330947136878967  !!!!!!!!!!!!!!!!!!!!!!!!!!!!!!!!!!!!!!!!!!!
training with xe
the 0th iteration: Val loss 5.326554250717163  !!!!!!!!!!!!!!!!!!!!!!!!!!!!!!!!!!!!!!!!!!!
the 50th iteration: Val loss 5.15673713684082  !!!!!!!!!!!!!!!!!!!!!!!!!!!!!!!!!!!!!!!!!!!
the 100th iteration: Val loss 5.01412034034729  !!!!!!!!!!!!!!!!!!!!!!!!!!!!!!!!!!!!!!!!!!!
Eproch 2: Val loss 4.922009015083313  !!!!!!!!!!!!!!!!!!!!!!!!!!!!!!!!!!!!!!!!!!!
Eproch 2: Training loss2 4.877915665723275  !!!!!!!!!!!!!!!!!!!!!!!!!!!!!!!!!!!!!!!!!!!
Validation scores {'BLEU': [0.3323345291347385, 0.1452153226196493, 0.055901382573106104, 0.01873399500450272], 'METEOR': 0.07045147010907808, 'ROUGE': 0.2195731376914523, 'CIDEr': 0.05245293773597449}
Test scores {'BLEU': [0.34976392552676844, 0.1563550601681784, 0.05918480746253871, 0.01637385249356426], 'METEOR': 0.07476560913226063, 'ROUGE': 0.2247775103114931, 'CIDEr': 0.042088256832093496}
validation: done !
-----reach better loss-----
saved model: done !!!!
----------Epoch3----------
Eproch -1: Val loss 4.922009015083313  !!!!!!!!!!!!!!!!!!!!!!!!!!!!!!!!!!!!!!!!!!!
training with xe
the 0th iteration: Val loss 4.91913948059082  !!!!!!!!!!!!!!!!!!!!!!!!!!!!!!!!!!!!!!!!!!!
the 50th iteration: Val loss 4.818190503120422  !!!!!!!!!!!!!!!!!!!!!!!!!!!!!!!!!!!!!!!!!!!
the 100th iteration: Val loss 4.729005765914917  !!!!!!!!!!!!!!!!!!!!!!!!!!!!!!!!!!!!!!!!!!!
Eproch 3: Val loss 4.671461892127991  !!!!!!!!!!!!!!!!!!!!!!!!!!!!!!!!!!!!!!!!!!!
Eproch 3: Training loss2 4.576929704002712  !!!!!!!!!!!!!!!!!!!!!!!!!!!!!!!!!!!!!!!!!!!
Validation scores {'BLEU': [0.33322889270408285, 0.15107011690099348, 0.05705529625670354, 0.022507206204176546], 'METEOR': 0.07580992225674181, 'ROUGE': 0.22310050732876976, 'CIDEr': 0.04947208877795764}
Test scores {'BLEU': [0.35263605150846183, 0.1619558578798777, 0.06645467590868405, 0.0284625162368635], 'METEOR': 0.07985769295341835, 'ROUGE': 0.22616965772667705, 'CIDEr': 0.04656702609172141}
validation: done !
-----reach better loss-----
saved model: done !!!!
----------Epoch4----------
Eproch -1: Val loss 4.671461892127991  !!!!!!!!!!!!!!!!!!!!!!!!!!!!!!!!!!!!!!!!!!!
training with xe
the 0th iteration: Val loss 4.669816684722901  !!!!!!!!!!!!!!!!!!!!!!!!!!!!!!!!!!!!!!!!!!!
the 50th iteration: Val loss 4.6127286672592165  !!!!!!!!!!!!!!!!!!!!!!!!!!!!!!!!!!!!!!!!!!!
the 100th iteration: Val loss 4.553689241409302  !!!!!!!!!!!!!!!!!!!!!!!!!!!!!!!!!!!!!!!!!!!
Eproch 4: Val loss 4.527707433700561  !!!!!!!!!!!!!!!!!!!!!!!!!!!!!!!!!!!!!!!!!!!
Eproch 4: Training loss2 4.366194828696873  !!!!!!!!!!!!!!!!!!!!!!!!!!!!!!!!!!!!!!!!!!!
Validation scores {'BLEU': [0.32498369071078764, 0.14464780636787686, 0.05785872267451817, 0.022728404762569713], 'METEOR': 0.07661315466643223, 'ROUGE': 0.21786154696302426, 'CIDEr': 0.04757795223687732}
Test scores {'BLEU': [0.3461644667269694, 0.16361948414598632, 0.06875123278816994, 0.029725208272881526], 'METEOR': 0.08084245980371114, 'ROUGE': 0.22362672456036833, 'CIDEr': 0.04800959703008324}
validation: done !
-----reach better loss-----
saved model: done !!!!
----------Epoch5----------
Eproch -1: Val loss 4.527707433700561  !!!!!!!!!!!!!!!!!!!!!!!!!!!!!!!!!!!!!!!!!!!
training with xe
the 0th iteration: Val loss 4.525237774848938  !!!!!!!!!!!!!!!!!!!!!!!!!!!!!!!!!!!!!!!!!!!
the 50th iteration: Val loss 4.501905369758606  !!!!!!!!!!!!!!!!!!!!!!!!!!!!!!!!!!!!!!!!!!!
the 100th iteration: Val loss 4.462420535087586  !!!!!!!!!!!!!!!!!!!!!!!!!!!!!!!!!!!!!!!!!!!
Eproch 5: Val loss 4.449822306632996  !!!!!!!!!!!!!!!!!!!!!!!!!!!!!!!!!!!!!!!!!!!
Eproch 5: Training loss2 4.226631705311761  !!!!!!!!!!!!!!!!!!!!!!!!!!!!!!!!!!!!!!!!!!!
Validation scores {'BLEU': [0.32422227215819016, 0.15262234234564517, 0.06569793246829625, 0.028854651619371414], 'METEOR': 0.0779274639133113, 'ROUGE': 0.22086311722196092, 'CIDEr': 0.05173275790972581}
Test scores {'BLEU': [0.3391680184120899, 0.1593056119228445, 0.07063848538764145, 0.03183264896013556], 'METEOR': 0.0817662699392672, 'ROUGE': 0.2203049427155398, 'CIDEr': 0.04458868910887597}
validation: done !
-----reach better loss-----
saved model: done !!!!
----------Epoch6----------
Eproch -1: Val loss 4.449822306632996  !!!!!!!!!!!!!!!!!!!!!!!!!!!!!!!!!!!!!!!!!!!
training with xe
the 0th iteration: Val loss 4.44652361869812  !!!!!!!!!!!!!!!!!!!!!!!!!!!!!!!!!!!!!!!!!!!
the 50th iteration: Val loss 4.430400562286377  !!!!!!!!!!!!!!!!!!!!!!!!!!!!!!!!!!!!!!!!!!!
the 100th iteration: Val loss 4.413453269004822  !!!!!!!!!!!!!!!!!!!!!!!!!!!!!!!!!!!!!!!!!!!
Eproch 6: Val loss 4.3954798698425295  !!!!!!!!!!!!!!!!!!!!!!!!!!!!!!!!!!!!!!!!!!!
Eproch 6: Training loss2 4.105480251104935  !!!!!!!!!!!!!!!!!!!!!!!!!!!!!!!!!!!!!!!!!!!
Validation scores {'BLEU': [0.32405350461662324, 0.14993638283801372, 0.06444449583540497, 0.02887291222060986], 'METEOR': 0.07979943427200471, 'ROUGE': 0.2181686001096509, 'CIDEr': 0.05138929549144668}
Test scores {'BLEU': [0.33615458644114793, 0.1579518541426044, 0.0713010627838823, 0.031662902116641814], 'METEOR': 0.08262816477907337, 'ROUGE': 0.2185056288769606, 'CIDEr': 0.04978392027188494}
validation: done !
-----reach better loss-----
saved model: done !!!!
----------Epoch7----------
Eproch -1: Val loss 4.3954798698425295  !!!!!!!!!!!!!!!!!!!!!!!!!!!!!!!!!!!!!!!!!!!
training with xe
the 0th iteration: Val loss 4.396541619300843  !!!!!!!!!!!!!!!!!!!!!!!!!!!!!!!!!!!!!!!!!!!
the 50th iteration: Val loss 4.3860046625137326  !!!!!!!!!!!!!!!!!!!!!!!!!!!!!!!!!!!!!!!!!!!
the 100th iteration: Val loss 4.376703381538391  !!!!!!!!!!!!!!!!!!!!!!!!!!!!!!!!!!!!!!!!!!!
Eproch 7: Val loss 4.365115165710449  !!!!!!!!!!!!!!!!!!!!!!!!!!!!!!!!!!!!!!!!!!!
Eproch 7: Training loss2 3.9953160562377046  !!!!!!!!!!!!!!!!!!!!!!!!!!!!!!!!!!!!!!!!!!!
Validation scores {'BLEU': [0.3258024980083831, 0.14792236666634728, 0.06218725958835862, 0.02543676483265601], 'METEOR': 0.07867355955704876, 'ROUGE': 0.21669575285137663, 'CIDEr': 0.05200821002238503}
Test scores {'BLEU': [0.337290268104174, 0.16140529738774068, 0.07239180081861363, 0.03195374151214395], 'METEOR': 0.08335423352283976, 'ROUGE': 0.22374322941686842, 'CIDEr': 0.051117004814373}
validation: done !
-----reach better loss-----
saved model: done !!!!
----------Epoch8----------
Eproch -1: Val loss 4.365115165710449  !!!!!!!!!!!!!!!!!!!!!!!!!!!!!!!!!!!!!!!!!!!
training with xe
the 0th iteration: Val loss 4.364518570899963  !!!!!!!!!!!!!!!!!!!!!!!!!!!!!!!!!!!!!!!!!!!
the 50th iteration: Val loss 4.357886481285095  !!!!!!!!!!!!!!!!!!!!!!!!!!!!!!!!!!!!!!!!!!!
the 100th iteration: Val loss 4.352340745925903  !!!!!!!!!!!!!!!!!!!!!!!!!!!!!!!!!!!!!!!!!!!
Eproch 8: Val loss 4.341377687454224  !!!!!!!!!!!!!!!!!!!!!!!!!!!!!!!!!!!!!!!!!!!
Eproch 8: Training loss2 3.8840286593506304  !!!!!!!!!!!!!!!!!!!!!!!!!!!!!!!!!!!!!!!!!!!
Validation scores {'BLEU': [0.32660052397425154, 0.15390018293593674, 0.06705371248612929, 0.03155902565589642], 'METEOR': 0.07998202399264112, 'ROUGE': 0.21934192712504255, 'CIDEr': 0.053096466812871695}
Test scores {'BLEU': [0.34786549141654355, 0.166303197061709, 0.07513041451705307, 0.033815477867886246], 'METEOR': 0.08589121599241768, 'ROUGE': 0.2278960087013876, 'CIDEr': 0.055864278896704644}
validation: done !
-----reach better loss-----
saved model: done !!!!
----------Epoch9----------
Eproch -1: Val loss 4.341377687454224  !!!!!!!!!!!!!!!!!!!!!!!!!!!!!!!!!!!!!!!!!!!
training with xe
the 0th iteration: Val loss 4.343696641921997  !!!!!!!!!!!!!!!!!!!!!!!!!!!!!!!!!!!!!!!!!!!
the 50th iteration: Val loss 4.346420776844025  !!!!!!!!!!!!!!!!!!!!!!!!!!!!!!!!!!!!!!!!!!!
the 100th iteration: Val loss 4.323049676418305  !!!!!!!!!!!!!!!!!!!!!!!!!!!!!!!!!!!!!!!!!!!
Eproch 9: Val loss 4.318093144893647  !!!!!!!!!!!!!!!!!!!!!!!!!!!!!!!!!!!!!!!!!!!
Eproch 9: Training loss2 3.7621744992076485  !!!!!!!!!!!!!!!!!!!!!!!!!!!!!!!!!!!!!!!!!!!
Validation scores {'BLEU': [0.33236653399617355, 0.1589038674518835, 0.07584927980956743, 0.03911633480962437], 'METEOR': 0.08093561332640145, 'ROUGE': 0.22340206461662657, 'CIDEr': 0.06079201810634954}
Test scores {'BLEU': [0.3457123658399023, 0.16580326051456235, 0.07693163192250047, 0.03494289135429968], 'METEOR': 0.08555460492562342, 'ROUGE': 0.22391320613989624, 'CIDEr': 0.05851829425475244}
validation: done !
-----reach better loss-----
saved model: done !!!!
----------Epoch10----------
Eproch -1: Val loss 4.318093144893647  !!!!!!!!!!!!!!!!!!!!!!!!!!!!!!!!!!!!!!!!!!!
training with xe
the 0th iteration: Val loss 4.31893664598465  !!!!!!!!!!!!!!!!!!!!!!!!!!!!!!!!!!!!!!!!!!!
the 50th iteration: Val loss 4.322205305099487  !!!!!!!!!!!!!!!!!!!!!!!!!!!!!!!!!!!!!!!!!!!
the 100th iteration: Val loss 4.312540805339813  !!!!!!!!!!!!!!!!!!!!!!!!!!!!!!!!!!!!!!!!!!!
Eproch 10: Val loss 4.3044649958610535  !!!!!!!!!!!!!!!!!!!!!!!!!!!!!!!!!!!!!!!!!!!
Eproch 10: Training loss2 3.647516698077105  !!!!!!!!!!!!!!!!!!!!!!!!!!!!!!!!!!!!!!!!!!!
Validation scores {'BLEU': [0.32764006450873967, 0.15466642101602515, 0.07093552855994656, 0.03494208667433298], 'METEOR': 0.081232339936539, 'ROUGE': 0.21935081103943105, 'CIDEr': 0.05612199359046435}
Test scores {'BLEU': [0.3381662528101082, 0.15577579188135113, 0.06991032273352318, 0.031129891226676778], 'METEOR': 0.0838867800078786, 'ROUGE': 0.22115613515189483, 'CIDEr': 0.05733080063317988}
validation: done !
-----reach better loss-----
saved model: done !!!!
----------Epoch11----------
Eproch -1: Val loss 4.3044649958610535  !!!!!!!!!!!!!!!!!!!!!!!!!!!!!!!!!!!!!!!!!!!
training with xe
the 0th iteration: Val loss 4.30552225112915  !!!!!!!!!!!!!!!!!!!!!!!!!!!!!!!!!!!!!!!!!!!
the 50th iteration: Val loss 4.305321824550629  !!!!!!!!!!!!!!!!!!!!!!!!!!!!!!!!!!!!!!!!!!!
the 100th iteration: Val loss 4.30325927734375  !!!!!!!!!!!!!!!!!!!!!!!!!!!!!!!!!!!!!!!!!!!
Eproch 11: Val loss 4.291737616062164  !!!!!!!!!!!!!!!!!!!!!!!!!!!!!!!!!!!!!!!!!!!
Eproch 11: Training loss2 3.5286170036896416  !!!!!!!!!!!!!!!!!!!!!!!!!!!!!!!!!!!!!!!!!!!
Validation scores {'BLEU': [0.33426628840463124, 0.16147047624261057, 0.07484417157042027, 0.037121765712518795], 'METEOR': 0.0818819778660878, 'ROUGE': 0.2236653219906526, 'CIDEr': 0.060342165380918654}
Test scores {'BLEU': [0.35386398505299543, 0.16659351935883107, 0.07781913614848578, 0.03808091140886302], 'METEOR': 0.08599249699888112, 'ROUGE': 0.2292128870830782, 'CIDEr': 0.06317871873036877}
validation: done !
-----reach better loss-----
saved model: done !!!!
----------Epoch12----------
Eproch -1: Val loss 4.291737616062164  !!!!!!!!!!!!!!!!!!!!!!!!!!!!!!!!!!!!!!!!!!!
training with xe
the 0th iteration: Val loss 4.291562616825104  !!!!!!!!!!!!!!!!!!!!!!!!!!!!!!!!!!!!!!!!!!!
the 50th iteration: Val loss 4.296633052825928  !!!!!!!!!!!!!!!!!!!!!!!!!!!!!!!!!!!!!!!!!!!
the 100th iteration: Val loss 4.293806505203247  !!!!!!!!!!!!!!!!!!!!!!!!!!!!!!!!!!!!!!!!!!!
Eproch 12: Val loss 4.294721329212189  !!!!!!!!!!!!!!!!!!!!!!!!!!!!!!!!!!!!!!!!!!!
Eproch 12: Training loss2 3.395715062169061  !!!!!!!!!!!!!!!!!!!!!!!!!!!!!!!!!!!!!!!!!!!
Validation scores {'BLEU': [0.33347643367846824, 0.16035574940319205, 0.07415116471373474, 0.037844888021502585], 'METEOR': 0.08278768234459967, 'ROUGE': 0.2219724789126948, 'CIDEr': 0.060510857104455855}
Test scores {'BLEU': [0.349781312343561, 0.16405883046053715, 0.07434899533363853, 0.033965306049122124], 'METEOR': 0.08636222496169449, 'ROUGE': 0.2268628982539225, 'CIDEr': 0.06742368947649412}
validation: done !
saved model: done !!!!
----------Epoch13----------
Eproch -1: Val loss 4.294721329212189  !!!!!!!!!!!!!!!!!!!!!!!!!!!!!!!!!!!!!!!!!!!
training with xe
the 0th iteration: Val loss 4.296500504016876  !!!!!!!!!!!!!!!!!!!!!!!!!!!!!!!!!!!!!!!!!!!
the 50th iteration: Val loss 4.30961445569992  !!!!!!!!!!!!!!!!!!!!!!!!!!!!!!!!!!!!!!!!!!!
the 100th iteration: Val loss 4.307067096233368  !!!!!!!!!!!!!!!!!!!!!!!!!!!!!!!!!!!!!!!!!!!
Eproch 13: Val loss 4.29720253944397  !!!!!!!!!!!!!!!!!!!!!!!!!!!!!!!!!!!!!!!!!!!
Eproch 13: Training loss2 3.262940526008606  !!!!!!!!!!!!!!!!!!!!!!!!!!!!!!!!!!!!!!!!!!!
Validation scores {'BLEU': [0.33844933696429425, 0.16419476287400384, 0.07534497793291893, 0.035746791136806594], 'METEOR': 0.08117988107159481, 'ROUGE': 0.2222906770856923, 'CIDEr': 0.0624442082982999}
Test scores {'BLEU': [0.35124179375056125, 0.16809168383827255, 0.07376171385854162, 0.032381850951483174], 'METEOR': 0.08609121839711749, 'ROUGE': 0.23018790283800383, 'CIDEr': 0.0546514572883295}
validation: done !
saved model: done !!!!
----------Epoch14----------
Eproch -1: Val loss 4.29720253944397  !!!!!!!!!!!!!!!!!!!!!!!!!!!!!!!!!!!!!!!!!!!
training with xe
the 0th iteration: Val loss 4.29745706319809  !!!!!!!!!!!!!!!!!!!!!!!!!!!!!!!!!!!!!!!!!!!
the 50th iteration: Val loss 4.316935110092163  !!!!!!!!!!!!!!!!!!!!!!!!!!!!!!!!!!!!!!!!!!!
the 100th iteration: Val loss 4.3169702053070065  !!!!!!!!!!!!!!!!!!!!!!!!!!!!!!!!!!!!!!!!!!!
Eproch 14: Val loss 4.315492880344391  !!!!!!!!!!!!!!!!!!!!!!!!!!!!!!!!!!!!!!!!!!!
Eproch 14: Training loss2 3.13224672925645  !!!!!!!!!!!!!!!!!!!!!!!!!!!!!!!!!!!!!!!!!!!
Validation scores {'BLEU': [0.336306968923818, 0.16285221077396012, 0.07761148605821609, 0.04131970629590318], 'METEOR': 0.0812703234232012, 'ROUGE': 0.22611195221500277, 'CIDEr': 0.06290983805993652}
Test scores {'BLEU': [0.3573985060972734, 0.17507805501751625, 0.08270984401019331, 0.04199358231442786], 'METEOR': 0.08639119131917872, 'ROUGE': 0.23111171345315845, 'CIDEr': 0.063148258949648}
validation: done !
saved model: done !!!!
----------Epoch15----------
Eproch -1: Val loss 4.315492880344391  !!!!!!!!!!!!!!!!!!!!!!!!!!!!!!!!!!!!!!!!!!!
training with xe
the 0th iteration: Val loss 4.3161955118179325  !!!!!!!!!!!!!!!!!!!!!!!!!!!!!!!!!!!!!!!!!!!
the 50th iteration: Val loss 4.332026040554046  !!!!!!!!!!!!!!!!!!!!!!!!!!!!!!!!!!!!!!!!!!!
the 100th iteration: Val loss 4.321624970436096  !!!!!!!!!!!!!!!!!!!!!!!!!!!!!!!!!!!!!!!!!!!
Eproch 15: Val loss 4.320825922489166  !!!!!!!!!!!!!!!!!!!!!!!!!!!!!!!!!!!!!!!!!!!
Eproch 15: Training loss2 2.992453236510788  !!!!!!!!!!!!!!!!!!!!!!!!!!!!!!!!!!!!!!!!!!!
Validation scores {'BLEU': [0.34422277556202585, 0.16688168337094714, 0.07579689558681091, 0.03774941508757955], 'METEOR': 0.08137664434345727, 'ROUGE': 0.22479760862847475, 'CIDEr': 0.06344484555648837}
Test scores {'BLEU': [0.35762850093836457, 0.17222325774134367, 0.08031597949946138, 0.0389859827653499], 'METEOR': 0.08842069618105143, 'ROUGE': 0.23075065821853866, 'CIDEr': 0.06807426873269039}
validation: done !
saved model: done !!!!
----------Epoch16----------
Eproch -1: Val loss 4.320825922489166  !!!!!!!!!!!!!!!!!!!!!!!!!!!!!!!!!!!!!!!!!!!
training with xe
the 0th iteration: Val loss 4.316775405406952  !!!!!!!!!!!!!!!!!!!!!!!!!!!!!!!!!!!!!!!!!!!
the 50th iteration: Val loss 4.355309927463532  !!!!!!!!!!!!!!!!!!!!!!!!!!!!!!!!!!!!!!!!!!!
the 100th iteration: Val loss 4.35763281583786  !!!!!!!!!!!!!!!!!!!!!!!!!!!!!!!!!!!!!!!!!!!
Eproch 16: Val loss 4.342498397827148  !!!!!!!!!!!!!!!!!!!!!!!!!!!!!!!!!!!!!!!!!!!
Eproch 16: Training loss2 2.842933456103007  !!!!!!!!!!!!!!!!!!!!!!!!!!!!!!!!!!!!!!!!!!!
Validation scores {'BLEU': [0.32688631337343077, 0.1526395070636116, 0.07080017315202831, 0.03582383175656175], 'METEOR': 0.07863770426383013, 'ROUGE': 0.21605138181453512, 'CIDEr': 0.05927706410740517}
Test scores {'BLEU': [0.34870579127501766, 0.16591903664165686, 0.07691963232711078, 0.037766446732942785], 'METEOR': 0.08465448660875917, 'ROUGE': 0.2276175238630349, 'CIDEr': 0.06656414031542865}
validation: done !
Switching to RL
